2024-06-01 01:33:22,093 [ERROR] LogOutputStream:75 - [STDERR_REDIRECT] 
2024-06-01 01:34:51,155 [INFO] Activator:176 - 


2024-06-01 01:34:51,167 [INFO] Activator:177 - !SESSION log4j initialized
2024-06-01 01:35:04,931 [INFO] LogOutputStream:77 - [STDOUT_REDIRECT] 
2024-06-01 01:35:08,066 [INFO] ApplicationProperties:184 - Using Application install path: D:\stm32cubeIDE\STM32CubeIDE_1.15.1\STM32CubeIDE\plugins\com.st.stm32cube.common.mx_6.11.1.202404110753
2024-06-01 01:35:08,135 [INFO] DbMcusXml:78 - Set database path to: D:\stm32cubeIDE\STM32CubeIDE_1.15.1\STM32CubeIDE\plugins\com.st.stm32cube.common.mx_6.11.1.202404110753\\db\/mcu/
2024-06-01 01:35:08,136 [INFO] ApiDb:274 - Set plugin database path to: D:\stm32cubeIDE\STM32CubeIDE_1.15.1\STM32CubeIDE\plugins\com.st.stm32cube.common.mx_6.11.1.202404110753\\db\/plugins/boardmanager/
2024-06-01 01:35:08,137 [WARN] ApiDb:259 - Overriding images path with different value:  => D:\stm32cubeIDE\STM32CubeIDE_1.15.1\STM32CubeIDE\plugins\com.st.stm32cube.common.mx_6.11.1.202404110753\\db\/plugins/mcufinder/images/
2024-06-01 01:35:08,214 [INFO] ApiDb:250 - Set database path to: C:\Users\nusra\.stmcufinder\plugins\mcufinder//mcu/
2024-06-01 01:35:08,218 [INFO] DbMcusAds:125 - Set database path to: C:\Users\nusra\.stmcufinder\plugins\mcufinder//mcu/
2024-06-01 01:35:08,223 [INFO] CrossReferenceDbSqlite:203 - Set database path to: C:\Users\nusra\.stmcufinder\plugins\mcufinder//mcu/cs/
2024-06-01 01:35:08,467 [INFO] RulesReader:64 - Compatibility file has been processed (297 Rules)
2024-06-01 01:35:08,655 [INFO] DbMcusXml:78 - Set database path to: D:\stm32cubeIDE\STM32CubeIDE_1.15.1\STM32CubeIDE\plugins\com.st.stm32cube.common.mx_6.11.1.202404110753\\db\/mcu/
2024-06-01 01:35:08,656 [INFO] ApiDb:274 - Set plugin database path to: D:\stm32cubeIDE\STM32CubeIDE_1.15.1\STM32CubeIDE\plugins\com.st.stm32cube.common.mx_6.11.1.202404110753\\db\/plugins/boardmanager/
2024-06-01 01:35:08,656 [INFO] ApiDb:261 - Set plugin images path to: D:\stm32cubeIDE\STM32CubeIDE_1.15.1\STM32CubeIDE\plugins\com.st.stm32cube.common.mx_6.11.1.202404110753\\db\/plugins/mcufinder/images/
2024-06-01 01:35:08,656 [WARN] DbFile:41 - Overriding database path with different value: C:\Users\nusra\.stmcufinder\plugins\mcufinder/ => C:\Users\nusra\.stmcufinder\plugins\mcufinder
2024-06-01 01:35:08,656 [INFO] ApiDb:250 - Set database path to: C:\Users\nusra\.stmcufinder\plugins\mcufinder//mcu/
2024-06-01 01:35:08,657 [WARN] DbFile:41 - Overriding database path with different value: C:\Users\nusra\.stmcufinder\plugins\mcufinder/ => C:\Users\nusra\.stmcufinder\plugins\mcufinder
2024-06-01 01:35:08,657 [INFO] DbMcusAds:125 - Set database path to: C:\Users\nusra\.stmcufinder\plugins\mcufinder//mcu/
2024-06-01 01:35:08,657 [WARN] DbFile:41 - Overriding database path with different value: C:\Users\nusra\.stmcufinder\plugins\mcufinder/ => C:\Users\nusra\.stmcufinder\plugins\mcufinder
2024-06-01 01:35:08,657 [WARN] DbFile:41 - Overriding database path with different value: C:\Users\nusra\.stmcufinder\plugins\mcufinder/ => C:\Users\nusra\.stmcufinder\plugins\mcufinder
2024-06-01 01:35:08,657 [INFO] CrossReferenceDbSqlite:203 - Set database path to: C:\Users\nusra\.stmcufinder\plugins\mcufinder//mcu/cs/
2024-06-01 01:35:08,809 [INFO] MainPanel:264 - HeapMemory: 268435456
2024-06-01 01:35:09,011 [INFO] DbMcusXml:78 - Set database path to: D:\stm32cubeIDE\STM32CubeIDE_1.15.1\STM32CubeIDE\plugins\com.st.stm32cube.common.mx_6.11.1.202404110753\\db\/mcu/
2024-06-01 01:35:09,011 [INFO] ApiDb:274 - Set plugin database path to: D:\stm32cubeIDE\STM32CubeIDE_1.15.1\STM32CubeIDE\plugins\com.st.stm32cube.common.mx_6.11.1.202404110753\\db\/plugins/boardmanager/
2024-06-01 01:35:09,012 [INFO] ApiDb:261 - Set plugin images path to: D:\stm32cubeIDE\STM32CubeIDE_1.15.1\STM32CubeIDE\plugins\com.st.stm32cube.common.mx_6.11.1.202404110753\\db\/plugins/mcufinder/images/
2024-06-01 01:35:09,012 [WARN] DbFile:41 - Overriding database path with different value: C:\Users\nusra\.stmcufinder\plugins\mcufinder/ => C:\Users\nusra\.stmcufinder\plugins\mcufinder
2024-06-01 01:35:09,013 [INFO] ApiDb:250 - Set database path to: C:\Users\nusra\.stmcufinder\plugins\mcufinder//mcu/
2024-06-01 01:35:09,013 [WARN] DbFile:41 - Overriding database path with different value: C:\Users\nusra\.stmcufinder\plugins\mcufinder/ => C:\Users\nusra\.stmcufinder\plugins\mcufinder
2024-06-01 01:35:09,013 [INFO] DbMcusAds:125 - Set database path to: C:\Users\nusra\.stmcufinder\plugins\mcufinder//mcu/
2024-06-01 01:35:09,013 [WARN] DbFile:41 - Overriding database path with different value: C:\Users\nusra\.stmcufinder\plugins\mcufinder/ => C:\Users\nusra\.stmcufinder\plugins\mcufinder
2024-06-01 01:35:09,013 [WARN] DbFile:41 - Overriding database path with different value: C:\Users\nusra\.stmcufinder\plugins\mcufinder/ => C:\Users\nusra\.stmcufinder\plugins\mcufinder
2024-06-01 01:35:09,013 [INFO] CrossReferenceDbSqlite:203 - Set database path to: C:\Users\nusra\.stmcufinder\plugins\mcufinder//mcu/cs/
2024-06-01 01:35:09,051 [INFO] ApplicationProperties:184 - Using Application install path: D:\stm32cubeIDE\STM32CubeIDE_1.15.1\STM32CubeIDE\plugins\com.st.stm32cube.common.mx_6.11.1.202404110753
2024-06-01 01:35:09,054 [INFO] PluginManage:196 - Search for loadable plugins [exclusion list=, ]
2024-06-01 01:35:09,068 [INFO] PluginManage:310 - Check plugin analytics
2024-06-01 01:35:09,500 [INFO] AnalyticsPlugin:253 - Accepted Software Licenses: 
2024-06-01 01:35:09,501 [INFO] AnalyticsPlugin:255 - Accepted CMSIS Pack Licenses: 
2024-06-01 01:35:09,501 [INFO] AnalyticsPlugin:257 - Accepted Firmware Licenses: 
2024-06-01 01:35:09,506 [INFO] PluginManage:359 - Loaded plugin analytics (category:tool,tabindex:-1)
2024-06-01 01:35:09,507 [INFO] PluginManage:310 - Check plugin cadmodel
2024-06-01 01:35:09,548 [INFO] CADModel:105 - Init CAD model plugin
2024-06-01 01:35:09,548 [INFO] PluginManage:359 - Loaded plugin cadmodel (category:power,tabindex:5)
2024-06-01 01:35:09,549 [INFO] PluginManage:310 - Check plugin clock
2024-06-01 01:35:09,568 [INFO] PluginManage:359 - Loaded plugin clock (category:base,tabindex:2)
2024-06-01 01:35:09,569 [INFO] PluginManage:310 - Check plugin ddr
2024-06-01 01:35:09,586 [INFO] PluginManage:359 - Loaded plugin ddr (category:tool,tabindex:6)
2024-06-01 01:35:09,587 [INFO] PluginManage:310 - Check plugin filemanager
2024-06-01 01:35:09,908 [INFO] PluginManage:359 - Loaded plugin filemanager (category:base,tabindex:10)
2024-06-01 01:35:09,908 [INFO] PluginManage:310 - Check plugin ipmanager
2024-06-01 01:35:09,923 [INFO] PluginManage:359 - Loaded plugin ipmanager (category:base,tabindex:5)
2024-06-01 01:35:09,924 [INFO] PluginManage:310 - Check plugin lpbam
2024-06-01 01:35:09,954 [INFO] PluginManage:359 - Loaded plugin lpbam (category:base,tabindex:0)
2024-06-01 01:35:09,955 [INFO] PluginManage:310 - Check plugin memorymap
2024-06-01 01:35:09,988 [INFO] PluginManage:359 - Loaded plugin memorymap (category:base,tabindex:4)
2024-06-01 01:35:09,988 [INFO] PluginManage:310 - Check plugin pinoutandconfiguration
2024-06-01 01:35:10,003 [INFO] PluginManage:359 - Loaded plugin pinoutandconfiguration (category:base,tabindex:1)
2024-06-01 01:35:10,004 [INFO] PluginManage:310 - Check plugin pinoutconfig
2024-06-01 01:35:10,192 [WARN] SupportedApi:132 - Cannot load RTOS API schema: s4s-elt-must-match.1: The content of 'definitions' must match (annotation?, (simpleType | complexType)?, (unique | key | keyref)*)). A problem was found starting at: attribute.
2024-06-01 01:35:10,423 [INFO] PluginManage:359 - Loaded plugin pinoutconfig (category:base,tabindex:0)
2024-06-01 01:35:10,423 [INFO] PluginManage:310 - Check plugin power
2024-06-01 01:35:10,500 [INFO] PluginManage:359 - Loaded plugin power (category:power,tabindex:4)
2024-06-01 01:35:10,500 [INFO] PluginManage:310 - Check plugin projectmanager
2024-06-01 01:35:10,543 [INFO] PluginManage:359 - Loaded plugin projectmanager (category:projectmanager,tabindex:3)
2024-06-01 01:35:10,543 [INFO] PluginManage:310 - Check plugin thirdparty
2024-06-01 01:35:10,951 [INFO] PluginManage:359 - Loaded plugin thirdparty (category:base,tabindex:-1)
2024-06-01 01:35:10,951 [INFO] PluginManage:310 - Check plugin tools
2024-06-01 01:35:10,951 [WARN] IntegrityCheckThread:84 - waiting for thirdparty lock release [integrity check]
2024-06-01 01:35:10,953 [INFO] IntegrityCheckThread:86 - entering critical section [integrity check]
2024-06-01 01:35:10,954 [INFO] ThirdPartyUpdaterWithRetryManager:70 - Updater plugin not ready yet. [1/15]
2024-06-01 01:35:10,956 [INFO] PluginManage:359 - Loaded plugin tools (category:base,tabindex:7)
2024-06-01 01:35:10,957 [INFO] PluginManage:310 - Check plugin tutovideos
2024-06-01 01:35:11,344 [INFO] PluginManage:359 - Loaded plugin tutovideos (category:base,tabindex:-1)
2024-06-01 01:35:11,344 [INFO] PluginManage:310 - Check plugin updater
2024-06-01 01:35:11,385 [INFO] PluginManage:359 - Loaded plugin updater (category:base,tabindex:12)
2024-06-01 01:35:11,385 [INFO] PluginManage:310 - Check plugin userauth
2024-06-01 01:35:11,401 [INFO] UserAuth:114 - Init User Auth plugin
2024-06-01 01:35:11,401 [INFO] PluginManage:359 - Loaded plugin userauth (category:base,tabindex:14)
2024-06-01 01:35:11,402 [INFO] PluginManage:283 - PluginManage : Loaded plugins [17]
2024-06-01 01:35:11,862 [INFO] PinOutPanel:1561 - setPackage(No Configuration,No Configuration)
2024-06-01 01:35:12,013 [INFO] CADModel:165 - CPN selected for project level
2024-06-01 01:35:12,013 [INFO] CADModel:114 - Register for checkConnection events
2024-06-01 01:35:12,114 [INFO] IPUIPlugin:80 - create IPUIPlugin
2024-06-01 01:35:12,115 [INFO] PluginManager:220 - loadIPPluginJar : add adc
2024-06-01 01:35:12,122 [INFO] IPUIPlugin:80 - create IPUIPlugin
2024-06-01 01:35:12,123 [INFO] PluginManager:220 - loadIPPluginJar : add aes
2024-06-01 01:35:12,138 [INFO] IPUIPlugin:80 - create IPUIPlugin
2024-06-01 01:35:12,138 [INFO] PluginManager:220 - loadIPPluginJar : add can
2024-06-01 01:35:12,141 [INFO] IPUIPlugin:80 - create IPUIPlugin
2024-06-01 01:35:12,141 [INFO] PluginManager:220 - loadIPPluginJar : add comp
2024-06-01 01:35:12,145 [INFO] IPUIPlugin:80 - create IPUIPlugin
2024-06-01 01:35:12,145 [INFO] PluginManager:220 - loadIPPluginJar : add cryp
2024-06-01 01:35:12,149 [INFO] IPUIPlugin:80 - create IPUIPlugin
2024-06-01 01:35:12,149 [INFO] PluginManager:220 - loadIPPluginJar : add dfsdm
2024-06-01 01:35:12,171 [INFO] IPUIPlugin:80 - create IPUIPlugin
2024-06-01 01:35:12,173 [INFO] PluginManager:220 - loadIPPluginJar : add dma
2024-06-01 01:35:12,193 [INFO] IPUIPlugin:80 - create IPUIPlugin
2024-06-01 01:35:12,193 [INFO] PluginManager:220 - loadIPPluginJar : add dma3
2024-06-01 01:35:12,201 [INFO] IPUIPlugin:80 - create IPUIPlugin
2024-06-01 01:35:12,201 [INFO] PluginManager:220 - loadIPPluginJar : add extmemmanager
2024-06-01 01:35:12,247 [INFO] IPUIPlugin:80 - create IPUIPlugin
2024-06-01 01:35:12,248 [INFO] PluginManager:220 - loadIPPluginJar : add fatfs
2024-06-01 01:35:12,254 [INFO] IPUIPlugin:80 - create IPUIPlugin
2024-06-01 01:35:12,254 [INFO] PluginManager:220 - loadIPPluginJar : add fmc
2024-06-01 01:35:12,273 [INFO] IPUIPlugin:80 - create IPUIPlugin
2024-06-01 01:35:12,273 [INFO] PluginManager:220 - loadIPPluginJar : add freertos
2024-06-01 01:35:12,275 [INFO] IPUIPlugin:80 - create IPUIPlugin
2024-06-01 01:35:12,276 [INFO] PluginManager:220 - loadIPPluginJar : add genericplugin
2024-06-01 01:35:12,279 [INFO] IPUIPlugin:80 - create IPUIPlugin
2024-06-01 01:35:12,280 [INFO] PluginManager:220 - loadIPPluginJar : add gfxmmu
2024-06-01 01:35:12,303 [INFO] IPUIPlugin:80 - create IPUIPlugin
2024-06-01 01:35:12,303 [INFO] PluginManager:220 - loadIPPluginJar : add gic
2024-06-01 01:35:12,309 [INFO] IPUIPlugin:80 - create IPUIPlugin
2024-06-01 01:35:12,310 [INFO] PluginManager:220 - loadIPPluginJar : add gpio
2024-06-01 01:35:12,314 [INFO] IPUIPlugin:80 - create IPUIPlugin
2024-06-01 01:35:12,315 [INFO] PluginManager:220 - loadIPPluginJar : add gtzc
2024-06-01 01:35:12,319 [INFO] IPUIPlugin:80 - create IPUIPlugin
2024-06-01 01:35:12,320 [INFO] PluginManager:220 - loadIPPluginJar : add hash
2024-06-01 01:35:12,326 [INFO] IPUIPlugin:80 - create IPUIPlugin
2024-06-01 01:35:12,326 [INFO] PluginManager:220 - loadIPPluginJar : add i2c
2024-06-01 01:35:12,332 [INFO] IPUIPlugin:80 - create IPUIPlugin
2024-06-01 01:35:12,332 [INFO] PluginManager:220 - loadIPPluginJar : add i2s
2024-06-01 01:35:12,338 [INFO] IPUIPlugin:80 - create IPUIPlugin
2024-06-01 01:35:12,338 [INFO] PluginManager:220 - loadIPPluginJar : add i3c
2024-06-01 01:35:12,344 [INFO] IPUIPlugin:80 - create IPUIPlugin
2024-06-01 01:35:12,344 [INFO] PluginManager:220 - loadIPPluginJar : add ipddr
2024-06-01 01:35:12,360 [INFO] IPUIPlugin:80 - create IPUIPlugin
2024-06-01 01:35:12,360 [INFO] PluginManager:220 - loadIPPluginJar : add linkedlist
2024-06-01 01:35:12,374 [INFO] IPUIPlugin:80 - create IPUIPlugin
2024-06-01 01:35:12,374 [INFO] PluginManager:220 - loadIPPluginJar : add lorawan
2024-06-01 01:35:12,376 [INFO] IPUIPlugin:80 - create IPUIPlugin
2024-06-01 01:35:12,377 [INFO] PluginManager:220 - loadIPPluginJar : add ltdc
2024-06-01 01:35:12,388 [INFO] IPUIPlugin:80 - create IPUIPlugin
2024-06-01 01:35:12,388 [INFO] PluginManager:220 - loadIPPluginJar : add mdma
2024-06-01 01:35:12,394 [INFO] IPUIPlugin:80 - create IPUIPlugin
2024-06-01 01:35:12,394 [INFO] PluginManager:220 - loadIPPluginJar : add nvic
2024-06-01 01:35:12,398 [INFO] IPUIPlugin:80 - create IPUIPlugin
2024-06-01 01:35:12,399 [INFO] PluginManager:220 - loadIPPluginJar : add opamp
2024-06-01 01:35:12,403 [INFO] IPUIPlugin:80 - create IPUIPlugin
2024-06-01 01:35:12,403 [INFO] PluginManager:220 - loadIPPluginJar : add openamp
2024-06-01 01:35:12,408 [INFO] IPUIPlugin:80 - create IPUIPlugin
2024-06-01 01:35:12,408 [INFO] PluginManager:220 - loadIPPluginJar : add pdm2pcm
2024-06-01 01:35:12,416 [INFO] IPUIPlugin:80 - create IPUIPlugin
2024-06-01 01:35:12,422 [INFO] PluginManager:220 - loadIPPluginJar : add plateformsettings
2024-06-01 01:35:12,424 [INFO] IPUIPlugin:80 - create IPUIPlugin
2024-06-01 01:35:12,424 [INFO] PluginManager:220 - loadIPPluginJar : add quadspi
2024-06-01 01:35:12,430 [INFO] IPUIPlugin:80 - create IPUIPlugin
2024-06-01 01:35:12,430 [INFO] PluginManager:220 - loadIPPluginJar : add resmgrutility
2024-06-01 01:35:12,435 [INFO] IPUIPlugin:80 - create IPUIPlugin
2024-06-01 01:35:12,436 [INFO] PluginManager:220 - loadIPPluginJar : add sai
2024-06-01 01:35:12,449 [INFO] IPUIPlugin:80 - create IPUIPlugin
2024-06-01 01:35:12,449 [INFO] PluginManager:220 - loadIPPluginJar : add spi
2024-06-01 01:35:12,456 [INFO] IPUIPlugin:80 - create IPUIPlugin
2024-06-01 01:35:12,456 [INFO] PluginManager:220 - loadIPPluginJar : add stm32_wpan
2024-06-01 01:35:12,459 [INFO] IPUIPlugin:80 - create IPUIPlugin
2024-06-01 01:35:12,459 [INFO] PluginManager:220 - loadIPPluginJar : add tim
2024-06-01 01:35:12,464 [INFO] IPUIPlugin:80 - create IPUIPlugin
2024-06-01 01:35:12,464 [INFO] PluginManager:220 - loadIPPluginJar : add touchsensing
2024-06-01 01:35:12,481 [INFO] IPUIPlugin:80 - create IPUIPlugin
2024-06-01 01:35:12,481 [INFO] PluginManager:220 - loadIPPluginJar : add tracer_emb
2024-06-01 01:35:12,484 [INFO] IPUIPlugin:80 - create IPUIPlugin
2024-06-01 01:35:12,485 [INFO] PluginManager:220 - loadIPPluginJar : add ts
2024-06-01 01:35:12,487 [INFO] IPUIPlugin:80 - create IPUIPlugin
2024-06-01 01:35:12,487 [INFO] PluginManager:220 - loadIPPluginJar : add tsc
2024-06-01 01:35:12,491 [INFO] IPUIPlugin:80 - create IPUIPlugin
2024-06-01 01:35:12,491 [INFO] PluginManager:220 - loadIPPluginJar : add ucpd
2024-06-01 01:35:12,511 [INFO] IPUIPlugin:80 - create IPUIPlugin
2024-06-01 01:35:12,511 [INFO] PluginManager:220 - loadIPPluginJar : add usart
2024-06-01 01:35:12,516 [INFO] IPUIPlugin:80 - create IPUIPlugin
2024-06-01 01:35:12,516 [INFO] PluginManager:220 - loadIPPluginJar : add usbx
2024-06-01 01:35:12,698 [INFO] CADModel:165 - CPN selected for project level
2024-06-01 01:35:12,698 [INFO] CADModel:114 - Register for checkConnection events
2024-06-01 01:35:12,698 [FATAL] Updater:308 - Updater called before beeing initialized
2024-06-01 01:35:12,699 [ERROR] CADModel:125 - Updater not yet initialized, retry later 
2024-06-01 01:35:13,012 [INFO] CADModel:165 - CPN selected for project level
2024-06-01 01:35:13,012 [INFO] CADModel:114 - Register for checkConnection events
2024-06-01 01:35:13,012 [FATAL] Updater:308 - Updater called before beeing initialized
2024-06-01 01:35:13,012 [ERROR] CADModel:125 - Updater not yet initialized, retry later 
2024-06-01 01:35:13,017 [FATAL] Updater:308 - Updater called before beeing initialized
2024-06-01 01:35:13,216 [FATAL] Updater:308 - Updater called before beeing initialized
2024-06-01 01:35:13,231 [INFO] DbMcusAds:53 - JSON generation date=Thu May 16 15:22:01 BDT 2024 (1715851321456)
2024-06-01 01:35:13,231 [FATAL] Updater:308 - Updater called before beeing initialized
2024-06-01 01:35:13,387 [WARN] DetailPanel:346 - Failed to get advertising image, set to default
2024-06-01 01:35:13,522 [FATAL] Updater:308 - Updater called before beeing initialized
2024-06-01 01:35:13,536 [FATAL] Updater:308 - Updater called before beeing initialized
2024-06-01 01:35:13,536 [FATAL] Updater:308 - Updater called before beeing initialized
2024-06-01 01:35:13,536 [WARN] DetailPanel:346 - Failed to get advertising image, set to default
2024-06-01 01:35:13,537 [FATAL] Updater:308 - Updater called before beeing initialized
2024-06-01 01:35:13,637 [ERROR] Updater:1120 - MainUpdater not yet initialized. External WinMGr cannot be set.
2024-06-01 01:35:13,659 [INFO] Updater:1056 - Updater Version found : 6.11.1
2024-06-01 01:35:13,704 [INFO] ApplicationProperties:184 - Using Application install path: D:\stm32cubeIDE\STM32CubeIDE_1.15.1\STM32CubeIDE\plugins\com.st.stm32cube.common.mx_6.11.1.202404110753
2024-06-01 01:35:13,956 [INFO] ThirdPartyUpdaterWithRetryManager:70 - Updater plugin not ready yet. [2/15]
2024-06-01 01:35:15,345 [ERROR] LogOutputStream:75 - [STDERR_REDIRECT] Jun 01, 2024 1:35:15 AM java.util.prefs.WindowsPreferences <init>
2024-06-01 01:35:15,348 [ERROR] LogOutputStream:75 - [STDERR_REDIRECT] WARNING: Could not open/create prefs root node Software\JavaSoft\Prefs at root 0xffffffff80000002. Windows RegCreateKeyEx(...) returned error code 5.
2024-06-01 01:35:15,349 [ERROR] LogOutputStream:75 - [STDERR_REDIRECT] 
2024-06-01 01:35:16,019 [INFO] MainUpdater:2873 - connection check result : 10
2024-06-01 01:35:16,022 [INFO] MainUpdater:290 - Updater Check For Update Now.
2024-06-01 01:35:16,023 [INFO] MicroXplorer:498 - Change Database Version : DB.6.0.111
2024-06-01 01:35:16,072 [INFO] McuFinderGlobals:63 - Set McuFinder mode to 2 (CubeIDE integrated)
2024-06-01 01:35:16,126 [INFO] UserAuth:415 - Internet connection configuration mode: 1
2024-06-01 01:35:16,242 [INFO] JxBrowserEngine:152 - Initiate JxBrowser Engine with user profile folder
2024-06-01 01:35:16,444 [INFO] CheckServerUpdateThread:120 - End of CheckServer Thread
2024-06-01 01:35:17,411 [WARN] PackLoader:240 - Cannot read IP mode file for STMicroelectronics.FP-SNS-MOTENVWB1.1.4.0
2024-06-01 01:35:17,435 [WARN] PackLoader:240 - Cannot read IP mode file for STMicroelectronics.X-CUBE-SMBUS.2.1.0
2024-06-01 01:35:17,445 [WARN] PackLoader:240 - Cannot read IP mode file for STMicroelectronics.X-CUBE-TOUCHGFX.4.23.2
2024-06-01 01:35:17,555 [WARN] PackLoader:240 - Cannot read IP mode file for STMicroelectronics.X-CUBE-AZRTOS-F7.1.1.0
2024-06-01 01:35:17,611 [WARN] PackLoader:240 - Cannot read IP mode file for STMicroelectronics.FP-SNS-FLIGHT1.5.0.2
2024-06-01 01:35:17,631 [WARN] PackLoader:240 - Cannot read IP mode file for STMicroelectronics.X-CUBE-DISPLAY.3.0.0
2024-06-01 01:35:17,663 [WARN] PackLoader:240 - Cannot read IP mode file for STMicroelectronics.X-CUBE-BLE1.7.0.0
2024-06-01 01:35:17,682 [WARN] PackLoader:240 - Cannot read IP mode file for emotas.I-CUBE-CANOPEN.1.3.0
2024-06-01 01:35:17,728 [WARN] PackLoader:240 - Cannot read IP mode file for STMicroelectronics.X-CUBE-BLEMGR.3.1.0
2024-06-01 01:35:17,751 [WARN] PackLoader:240 - Cannot read IP mode file for STMicroelectronics.FP-SNS-SMARTAG2.1.2.0
2024-06-01 01:35:17,784 [INFO] LogOutputStream:77 - [STDOUT_REDIRECT] 1 : Invalid condition id : UX_CORESTACK_Condition cause : null
2024-06-01 01:35:17,786 [INFO] LogOutputStream:77 - [STDOUT_REDIRECT] 1 : Invalid condition id : UX_CORESTACK_Condition cause : null
2024-06-01 01:35:17,790 [INFO] LogOutputStream:77 - [STDOUT_REDIRECT] 1 : Invalid condition id : UX_CORESTACK_Condition cause : null
2024-06-01 01:35:17,794 [INFO] LogOutputStream:77 - [STDOUT_REDIRECT] 1 : Invalid condition id : UX_CORESTACK_Condition cause : null
2024-06-01 01:35:17,798 [INFO] LogOutputStream:77 - [STDOUT_REDIRECT] 1 : Invalid condition id : UX_CORESTACK_Condition cause : null
2024-06-01 01:35:17,810 [WARN] PackLoader:240 - Cannot read IP mode file for STMicroelectronics.X-CUBE-AZRTOS-WL.2.0.0
2024-06-01 01:35:17,828 [WARN] PackLoader:240 - Cannot read IP mode file for STMicroelectronics.FP-SNS-MOTENV1.5.0.0
2024-06-01 01:35:17,860 [WARN] PackLoader:240 - Cannot read IP mode file for WES.I-CUBE-Cesium.1.3.0
2024-06-01 01:35:17,871 [WARN] PackLoader:240 - Cannot read IP mode file for STMicroelectronics.X-CUBE-BLE2.3.3.0
2024-06-01 01:35:17,900 [WARN] PackLoader:240 - Cannot read IP mode file for STMicroelectronics.X-CUBE-TCPP.4.1.0
2024-06-01 01:35:17,970 [WARN] PackLoader:240 - Cannot read IP mode file for STMicroelectronics.X-CUBE-AZRTOS-G0.1.1.0
2024-06-01 01:35:18,017 [WARN] PackLoader:240 - Cannot read IP mode file for STMicroelectronics.X-CUBE-SAFEA1.1.2.2
2024-06-01 01:35:18,034 [WARN] PackLoader:240 - Cannot read IP mode file for STMicroelectronics.X-CUBE-NFC4.3.0.0
2024-06-01 01:35:18,044 [WARN] PackLoader:240 - Cannot read IP mode file for wolfSSL.I-CUBE-wolfMQTT.1.18.0
2024-06-01 01:35:18,052 [WARN] PackLoader:240 - Cannot read IP mode file for wolfSSL.I-CUBE-wolfSSL.5.7.0
2024-06-01 01:35:18,061 [WARN] PackLoader:240 - Cannot read IP mode file for STMicroelectronics.FP-ATR-SIGFOX1.3.2.0
2024-06-01 01:35:18,100 [WARN] PackLoader:240 - Cannot read IP mode file for STMicroelectronics.X-CUBE-EEPRMA1.5.1.0
2024-06-01 01:35:18,136 [WARN] PackLoader:240 - Cannot read IP mode file for ITTIA_DB.I-CUBE-ITTIADB.8.9.0
2024-06-01 01:35:18,315 [WARN] PackLoader:240 - Cannot read IP mode file for SEGGER.I-CUBE-embOS.1.3.1
2024-06-01 01:35:18,504 [WARN] PackLoader:240 - Cannot read IP mode file for STMicroelectronics.X-CUBE-ALGOBUILD.1.4.0
2024-06-01 01:35:18,526 [WARN] PackLoader:240 - Cannot read IP mode file for STMicroelectronics.X-CUBE-GNSS1.6.0.0
2024-06-01 01:35:18,575 [WARN] PackLoader:240 - Cannot read IP mode file for STMicroelectronics.X-CUBE-AZRTOS-F4.1.1.0
2024-06-01 01:35:18,595 [WARN] PackLoader:240 - Cannot read IP mode file for STMicroelectronics.X-CUBE-FREERTOS.1.2.0
2024-06-01 01:35:18,660 [WARN] PackLoader:240 - Cannot read IP mode file for STMicroelectronics.X-CUBE-AZRTOS-L5.2.0.0
2024-06-01 01:35:18,688 [WARN] PackLoader:240 - Cannot read IP mode file for STMicroelectronics.X-CUBE-NFC6.3.1.0
2024-06-01 01:35:18,705 [WARN] PackLoader:240 - Cannot read IP mode file for STMicroelectronics.X-CUBE-AI.9.0.0
2024-06-01 01:35:18,716 [WARN] PackLoader:240 - Cannot read IP mode file for STMicroelectronics.X-CUBE-NFC7.1.0.1
2024-06-01 01:35:18,770 [WARN] ConditionMgr:438 - getConditionDescription Invalid condition id : LAN8742 Phy interface Condition cause : null
2024-06-01 01:35:18,771 [WARN] PackLoader:240 - Cannot read IP mode file for STMicroelectronics.X-CUBE-AZRTOS-L4.2.0.0
2024-06-01 01:35:18,775 [WARN] ConditionMgr:1039 - genDependencies : Invalid condition id : LAN8742 Phy interface Condition cause : null
2024-06-01 01:35:18,776 [WARN] ConditionMgr:1039 - genDependencies : Invalid condition id : LAN8742 Phy interface Condition cause : null
2024-06-01 01:35:18,778 [WARN] ConditionMgr:1039 - genDependencies : Invalid condition id : LAN8742 Phy interface Condition cause : null
2024-06-01 01:35:18,797 [WARN] PackLoader:240 - Cannot read IP mode file for STMicroelectronics.X-CUBE-SFXS2LP1.4.0.0
2024-06-01 01:35:18,833 [WARN] ConditionMgr:438 - getConditionDescription Invalid condition id : UX DEVICE CLASS RTOS Condition cause : null
2024-06-01 01:35:18,834 [WARN] ConditionMgr:438 - getConditionDescription Invalid condition id : UX DEVICE CLASS RTOS Condition cause : null
2024-06-01 01:35:18,840 [WARN] PackLoader:240 - Cannot read IP mode file for STMicroelectronics.X-CUBE-AZRTOS-WB.2.0.0
2024-06-01 01:35:18,842 [WARN] ConditionMgr:1039 - genDependencies : Invalid condition id : UX DEVICE CLASS RTOS Condition cause : null
2024-06-01 01:35:18,842 [WARN] ConditionMgr:1039 - genDependencies : Invalid condition id : UX DEVICE CLASS RTOS Condition cause : null
2024-06-01 01:35:18,843 [WARN] ConditionMgr:1039 - genDependencies : Invalid condition id : UX DEVICE CLASS RTOS Condition cause : null
2024-06-01 01:35:18,844 [WARN] ConditionMgr:1039 - genDependencies : Invalid condition id : UX DEVICE CLASS RTOS Condition cause : null
2024-06-01 01:35:18,844 [WARN] ConditionMgr:1039 - genDependencies : Invalid condition id : UX DEVICE CLASS RTOS Condition cause : null
2024-06-01 01:35:18,891 [WARN] PackLoader:240 - Cannot read IP mode file for STMicroelectronics.X-CUBE-SUBG2.5.0.0
2024-06-01 01:35:18,918 [WARN] PackLoader:240 - Cannot read IP mode file for Cesanta.I-CUBE-Mongoose.7.13.0
2024-06-01 01:35:18,963 [WARN] PackLoader:240 - Cannot read IP mode file for STMicroelectronics.X-CUBE-AZRTOS-G4.2.0.0
2024-06-01 01:35:18,982 [WARN] PackLoader:240 - Cannot read IP mode file for STMicroelectronics.X-CUBE-ISPU.2.0.0
2024-06-01 01:35:18,996 [WARN] PackLoader:240 - Cannot read IP mode file for STMicroelectronics.X-CUBE-ALS.1.0.2
2024-06-01 01:35:19,155 [WARN] PackLoader:240 - Cannot read IP mode file for STMicroelectronics.X-CUBE-MEMS1.10.0.0
2024-06-01 01:35:19,611 [WARN] PackLoader:240 - Cannot read IP mode file for portGmbH.I-Cube-SoM-uGOAL.1.1.0
2024-06-01 01:35:19,670 [WARN] PackLoader:240 - Cannot read IP mode file for STMicroelectronics.X-CUBE-AZRTOS-H7RS.1.0.0
2024-06-01 01:35:19,686 [WARN] PackLoader:240 - Cannot read IP mode file for STMicroelectronics.FP-ATR-ASTRA1.2.0.0
2024-06-01 01:35:19,718 [WARN] PackLoader:240 - Cannot read IP mode file for STMicroelectronics.X-CUBE-TOF1.3.4.1
2024-06-01 01:35:19,804 [WARN] PackLoader:240 - Cannot read IP mode file for STMicroelectronics.X-CUBE-AZRTOS-H7.3.2.0
2024-06-01 01:35:19,849 [WARN] PackLoader:240 - Cannot read IP mode file for Infineon.AIROC-Wi-Fi-Bluetooth-STM32.1.6.0
2024-06-01 01:35:19,859 [INFO] ThirdParty:978 - Integrity check success = true
2024-06-01 01:35:19,861 [INFO] IntegrityCheckThread:100 - exiting critical section [integrity check]
2024-06-01 01:35:19,861 [INFO] IntegrityCheckThread:103 - End integrity checks thread
2024-06-01 01:35:23,880 [INFO] WebApp:161 - Instantiating new browser for Auth
2024-06-01 01:35:25,476 [INFO] WebApp:779 - Register for checkConnection events
2024-06-01 01:35:25,477 [INFO] WebApp:414 - Apply proxy settings
2024-06-01 01:35:25,477 [INFO] WebApp:499 - Chromium requires no authentication
2024-06-01 01:35:25,490 [INFO] WebApp:442 - Direct internet connection detected
2024-06-01 01:35:25,771 [INFO] WebApp:192 - Starting web application
2024-06-01 01:35:25,771 [INFO] WebApp:544 - Web application path used D:\stm32cubeIDE\STM32CubeIDE_1.15.1\STM32CubeIDE\plugins\com.st.stm32cube.common.mx_6.11.1.202404110753\db\plugins\mcufinder\reactClient1\index.html
2024-06-01 01:35:29,066 [ERROR] LogOutputStream:75 - [STDERR_REDIRECT] 
2024-06-01 01:35:29,069 [ERROR] LogOutputStream:75 - [STDERR_REDIRECT] 
