2024-06-04 09:13:06,889 [INFO] Activator:176 - 


2024-06-04 09:13:06,921 [INFO] Activator:177 - !SESSION log4j initialized
2024-06-04 09:13:21,012 [INFO] LogOutputStream:77 - [STDOUT_REDIRECT] 
2024-06-04 09:13:29,358 [INFO] ApplicationProperties:184 - Using Application install path: D:\stm32cubeIDE\STM32CubeIDE_1.15.1\STM32CubeIDE\plugins\com.st.stm32cube.common.mx_6.11.1.202404110753
2024-06-04 09:13:29,406 [INFO] DbMcusXml:78 - Set database path to: D:\stm32cubeIDE\STM32CubeIDE_1.15.1\STM32CubeIDE\plugins\com.st.stm32cube.common.mx_6.11.1.202404110753\\db\/mcu/
2024-06-04 09:13:29,407 [INFO] ApiDb:274 - Set plugin database path to: D:\stm32cubeIDE\STM32CubeIDE_1.15.1\STM32CubeIDE\plugins\com.st.stm32cube.common.mx_6.11.1.202404110753\\db\/plugins/boardmanager/
2024-06-04 09:13:29,407 [WARN] ApiDb:259 - Overriding images path with different value:  => D:\stm32cubeIDE\STM32CubeIDE_1.15.1\STM32CubeIDE\plugins\com.st.stm32cube.common.mx_6.11.1.202404110753\\db\/plugins/mcufinder/images/
2024-06-04 09:13:29,498 [INFO] ApiDb:250 - Set database path to: C:\Users\nusra\.stmcufinder\plugins\mcufinder//mcu/
2024-06-04 09:13:29,502 [INFO] DbMcusAds:125 - Set database path to: C:\Users\nusra\.stmcufinder\plugins\mcufinder//mcu/
2024-06-04 09:13:29,509 [INFO] CrossReferenceDbSqlite:203 - Set database path to: C:\Users\nusra\.stmcufinder\plugins\mcufinder//mcu/cs/
2024-06-04 09:13:29,861 [INFO] RulesReader:64 - Compatibility file has been processed (297 Rules)
2024-06-04 09:13:30,108 [INFO] DbMcusXml:78 - Set database path to: D:\stm32cubeIDE\STM32CubeIDE_1.15.1\STM32CubeIDE\plugins\com.st.stm32cube.common.mx_6.11.1.202404110753\\db\/mcu/
2024-06-04 09:13:30,109 [INFO] ApiDb:274 - Set plugin database path to: D:\stm32cubeIDE\STM32CubeIDE_1.15.1\STM32CubeIDE\plugins\com.st.stm32cube.common.mx_6.11.1.202404110753\\db\/plugins/boardmanager/
2024-06-04 09:13:30,109 [INFO] ApiDb:261 - Set plugin images path to: D:\stm32cubeIDE\STM32CubeIDE_1.15.1\STM32CubeIDE\plugins\com.st.stm32cube.common.mx_6.11.1.202404110753\\db\/plugins/mcufinder/images/
2024-06-04 09:13:30,110 [WARN] DbFile:41 - Overriding database path with different value: C:\Users\nusra\.stmcufinder\plugins\mcufinder/ => C:\Users\nusra\.stmcufinder\plugins\mcufinder
2024-06-04 09:13:30,110 [INFO] ApiDb:250 - Set database path to: C:\Users\nusra\.stmcufinder\plugins\mcufinder//mcu/
2024-06-04 09:13:30,110 [WARN] DbFile:41 - Overriding database path with different value: C:\Users\nusra\.stmcufinder\plugins\mcufinder/ => C:\Users\nusra\.stmcufinder\plugins\mcufinder
2024-06-04 09:13:30,110 [INFO] DbMcusAds:125 - Set database path to: C:\Users\nusra\.stmcufinder\plugins\mcufinder//mcu/
2024-06-04 09:13:30,111 [WARN] DbFile:41 - Overriding database path with different value: C:\Users\nusra\.stmcufinder\plugins\mcufinder/ => C:\Users\nusra\.stmcufinder\plugins\mcufinder
2024-06-04 09:13:30,111 [WARN] DbFile:41 - Overriding database path with different value: C:\Users\nusra\.stmcufinder\plugins\mcufinder/ => C:\Users\nusra\.stmcufinder\plugins\mcufinder
2024-06-04 09:13:30,111 [INFO] CrossReferenceDbSqlite:203 - Set database path to: C:\Users\nusra\.stmcufinder\plugins\mcufinder//mcu/cs/
2024-06-04 09:13:30,289 [INFO] MainPanel:264 - HeapMemory: 268435456
2024-06-04 09:13:30,500 [INFO] DbMcusXml:78 - Set database path to: D:\stm32cubeIDE\STM32CubeIDE_1.15.1\STM32CubeIDE\plugins\com.st.stm32cube.common.mx_6.11.1.202404110753\\db\/mcu/
2024-06-04 09:13:30,500 [INFO] ApiDb:274 - Set plugin database path to: D:\stm32cubeIDE\STM32CubeIDE_1.15.1\STM32CubeIDE\plugins\com.st.stm32cube.common.mx_6.11.1.202404110753\\db\/plugins/boardmanager/
2024-06-04 09:13:30,501 [INFO] ApiDb:261 - Set plugin images path to: D:\stm32cubeIDE\STM32CubeIDE_1.15.1\STM32CubeIDE\plugins\com.st.stm32cube.common.mx_6.11.1.202404110753\\db\/plugins/mcufinder/images/
2024-06-04 09:13:30,501 [WARN] DbFile:41 - Overriding database path with different value: C:\Users\nusra\.stmcufinder\plugins\mcufinder/ => C:\Users\nusra\.stmcufinder\plugins\mcufinder
2024-06-04 09:13:30,501 [INFO] ApiDb:250 - Set database path to: C:\Users\nusra\.stmcufinder\plugins\mcufinder//mcu/
2024-06-04 09:13:30,502 [WARN] DbFile:41 - Overriding database path with different value: C:\Users\nusra\.stmcufinder\plugins\mcufinder/ => C:\Users\nusra\.stmcufinder\plugins\mcufinder
2024-06-04 09:13:30,502 [INFO] DbMcusAds:125 - Set database path to: C:\Users\nusra\.stmcufinder\plugins\mcufinder//mcu/
2024-06-04 09:13:30,502 [WARN] DbFile:41 - Overriding database path with different value: C:\Users\nusra\.stmcufinder\plugins\mcufinder/ => C:\Users\nusra\.stmcufinder\plugins\mcufinder
2024-06-04 09:13:30,502 [WARN] DbFile:41 - Overriding database path with different value: C:\Users\nusra\.stmcufinder\plugins\mcufinder/ => C:\Users\nusra\.stmcufinder\plugins\mcufinder
2024-06-04 09:13:30,502 [INFO] CrossReferenceDbSqlite:203 - Set database path to: C:\Users\nusra\.stmcufinder\plugins\mcufinder//mcu/cs/
2024-06-04 09:13:30,533 [INFO] ApplicationProperties:184 - Using Application install path: D:\stm32cubeIDE\STM32CubeIDE_1.15.1\STM32CubeIDE\plugins\com.st.stm32cube.common.mx_6.11.1.202404110753
2024-06-04 09:13:30,536 [INFO] PluginManage:196 - Search for loadable plugins [exclusion list=, ]
2024-06-04 09:13:30,538 [INFO] PluginManage:310 - Check plugin analytics
2024-06-04 09:13:35,492 [INFO] AnalyticsPlugin:253 - Accepted Software Licenses: 
2024-06-04 09:13:35,492 [INFO] AnalyticsPlugin:255 - Accepted CMSIS Pack Licenses: 
2024-06-04 09:13:35,492 [INFO] AnalyticsPlugin:257 - Accepted Firmware Licenses: 
2024-06-04 09:13:35,496 [INFO] PluginManage:359 - Loaded plugin analytics (category:tool,tabindex:-1)
2024-06-04 09:13:35,497 [INFO] PluginManage:310 - Check plugin cadmodel
2024-06-04 09:13:35,547 [INFO] CADModel:105 - Init CAD model plugin
2024-06-04 09:13:35,547 [INFO] PluginManage:359 - Loaded plugin cadmodel (category:power,tabindex:5)
2024-06-04 09:13:35,548 [INFO] PluginManage:310 - Check plugin clock
2024-06-04 09:13:35,579 [INFO] PluginManage:359 - Loaded plugin clock (category:base,tabindex:2)
2024-06-04 09:13:35,579 [INFO] PluginManage:310 - Check plugin ddr
2024-06-04 09:13:35,581 [INFO] PluginManage:359 - Loaded plugin ddr (category:tool,tabindex:6)
2024-06-04 09:13:35,582 [INFO] PluginManage:310 - Check plugin filemanager
2024-06-04 09:13:35,862 [INFO] PluginManage:359 - Loaded plugin filemanager (category:base,tabindex:10)
2024-06-04 09:13:35,863 [INFO] PluginManage:310 - Check plugin ipmanager
2024-06-04 09:13:35,875 [INFO] PluginManage:359 - Loaded plugin ipmanager (category:base,tabindex:5)
2024-06-04 09:13:35,875 [INFO] PluginManage:310 - Check plugin lpbam
2024-06-04 09:13:35,910 [INFO] PluginManage:359 - Loaded plugin lpbam (category:base,tabindex:0)
2024-06-04 09:13:35,911 [INFO] PluginManage:310 - Check plugin memorymap
2024-06-04 09:13:35,954 [INFO] PluginManage:359 - Loaded plugin memorymap (category:base,tabindex:4)
2024-06-04 09:13:35,954 [INFO] PluginManage:310 - Check plugin pinoutandconfiguration
2024-06-04 09:13:35,979 [INFO] PluginManage:359 - Loaded plugin pinoutandconfiguration (category:base,tabindex:1)
2024-06-04 09:13:35,979 [INFO] PluginManage:310 - Check plugin pinoutconfig
2024-06-04 09:13:36,128 [WARN] SupportedApi:132 - Cannot load RTOS API schema: s4s-elt-must-match.1: The content of 'definitions' must match (annotation?, (simpleType | complexType)?, (unique | key | keyref)*)). A problem was found starting at: attribute.
2024-06-04 09:13:36,354 [INFO] PluginManage:359 - Loaded plugin pinoutconfig (category:base,tabindex:0)
2024-06-04 09:13:36,355 [INFO] PluginManage:310 - Check plugin power
2024-06-04 09:13:36,450 [INFO] PluginManage:359 - Loaded plugin power (category:power,tabindex:4)
2024-06-04 09:13:36,450 [INFO] PluginManage:310 - Check plugin projectmanager
2024-06-04 09:13:36,479 [INFO] PluginManage:359 - Loaded plugin projectmanager (category:projectmanager,tabindex:3)
2024-06-04 09:13:36,479 [INFO] PluginManage:310 - Check plugin thirdparty
2024-06-04 09:13:37,066 [INFO] PluginManage:359 - Loaded plugin thirdparty (category:base,tabindex:-1)
2024-06-04 09:13:37,067 [INFO] PluginManage:310 - Check plugin tools
2024-06-04 09:13:37,065 [WARN] IntegrityCheckThread:84 - waiting for thirdparty lock release [integrity check]
2024-06-04 09:13:37,069 [INFO] IntegrityCheckThread:86 - entering critical section [integrity check]
2024-06-04 09:13:37,070 [INFO] ThirdPartyUpdaterWithRetryManager:70 - Updater plugin not ready yet. [1/15]
2024-06-04 09:13:37,120 [INFO] PluginManage:359 - Loaded plugin tools (category:base,tabindex:7)
2024-06-04 09:13:37,120 [INFO] PluginManage:310 - Check plugin tutovideos
2024-06-04 09:13:37,473 [INFO] PluginManage:359 - Loaded plugin tutovideos (category:base,tabindex:-1)
2024-06-04 09:13:37,473 [INFO] PluginManage:310 - Check plugin updater
2024-06-04 09:13:37,511 [INFO] PluginManage:359 - Loaded plugin updater (category:base,tabindex:12)
2024-06-04 09:13:37,511 [INFO] PluginManage:310 - Check plugin userauth
2024-06-04 09:13:37,525 [INFO] UserAuth:114 - Init User Auth plugin
2024-06-04 09:13:37,526 [INFO] PluginManage:359 - Loaded plugin userauth (category:base,tabindex:14)
2024-06-04 09:13:37,526 [INFO] PluginManage:283 - PluginManage : Loaded plugins [17]
2024-06-04 09:13:38,064 [INFO] PinOutPanel:1561 - setPackage(No Configuration,No Configuration)
2024-06-04 09:13:38,195 [INFO] CADModel:165 - CPN selected for project level
2024-06-04 09:13:38,195 [INFO] CADModel:114 - Register for checkConnection events
2024-06-04 09:13:38,253 [INFO] IPUIPlugin:80 - create IPUIPlugin
2024-06-04 09:13:38,253 [INFO] PluginManager:220 - loadIPPluginJar : add adc
2024-06-04 09:13:38,301 [INFO] IPUIPlugin:80 - create IPUIPlugin
2024-06-04 09:13:38,301 [INFO] PluginManager:220 - loadIPPluginJar : add aes
2024-06-04 09:13:38,371 [INFO] IPUIPlugin:80 - create IPUIPlugin
2024-06-04 09:13:38,372 [INFO] PluginManager:220 - loadIPPluginJar : add can
2024-06-04 09:13:38,401 [INFO] IPUIPlugin:80 - create IPUIPlugin
2024-06-04 09:13:38,401 [INFO] PluginManager:220 - loadIPPluginJar : add comp
2024-06-04 09:13:38,447 [INFO] IPUIPlugin:80 - create IPUIPlugin
2024-06-04 09:13:38,447 [INFO] PluginManager:220 - loadIPPluginJar : add cryp
2024-06-04 09:13:38,487 [INFO] IPUIPlugin:80 - create IPUIPlugin
2024-06-04 09:13:38,487 [INFO] PluginManager:220 - loadIPPluginJar : add dfsdm
2024-06-04 09:13:38,517 [INFO] IPUIPlugin:80 - create IPUIPlugin
2024-06-04 09:13:38,518 [INFO] PluginManager:220 - loadIPPluginJar : add dma
2024-06-04 09:13:38,580 [INFO] IPUIPlugin:80 - create IPUIPlugin
2024-06-04 09:13:38,581 [INFO] PluginManager:220 - loadIPPluginJar : add dma3
2024-06-04 09:13:38,643 [INFO] IPUIPlugin:80 - create IPUIPlugin
2024-06-04 09:13:38,643 [INFO] PluginManager:220 - loadIPPluginJar : add extmemmanager
2024-06-04 09:13:38,669 [INFO] IPUIPlugin:80 - create IPUIPlugin
2024-06-04 09:13:38,669 [INFO] PluginManager:220 - loadIPPluginJar : add fatfs
2024-06-04 09:13:38,733 [INFO] IPUIPlugin:80 - create IPUIPlugin
2024-06-04 09:13:38,733 [INFO] PluginManager:220 - loadIPPluginJar : add fmc
2024-06-04 09:13:38,752 [INFO] IPUIPlugin:80 - create IPUIPlugin
2024-06-04 09:13:38,752 [INFO] PluginManager:220 - loadIPPluginJar : add freertos
2024-06-04 09:13:38,779 [INFO] IPUIPlugin:80 - create IPUIPlugin
2024-06-04 09:13:38,779 [INFO] PluginManager:220 - loadIPPluginJar : add genericplugin
2024-06-04 09:13:38,910 [INFO] IPUIPlugin:80 - create IPUIPlugin
2024-06-04 09:13:38,911 [INFO] PluginManager:220 - loadIPPluginJar : add gfxmmu
2024-06-04 09:13:39,107 [INFO] IPUIPlugin:80 - create IPUIPlugin
2024-06-04 09:13:39,107 [INFO] PluginManager:220 - loadIPPluginJar : add gic
2024-06-04 09:13:39,124 [INFO] IPUIPlugin:80 - create IPUIPlugin
2024-06-04 09:13:39,125 [INFO] PluginManager:220 - loadIPPluginJar : add gpio
2024-06-04 09:13:39,262 [INFO] IPUIPlugin:80 - create IPUIPlugin
2024-06-04 09:13:39,262 [INFO] PluginManager:220 - loadIPPluginJar : add gtzc
2024-06-04 09:13:39,330 [INFO] IPUIPlugin:80 - create IPUIPlugin
2024-06-04 09:13:39,330 [INFO] PluginManager:220 - loadIPPluginJar : add hash
2024-06-04 09:13:39,410 [INFO] IPUIPlugin:80 - create IPUIPlugin
2024-06-04 09:13:39,410 [INFO] PluginManager:220 - loadIPPluginJar : add i2c
2024-06-04 09:13:39,470 [INFO] IPUIPlugin:80 - create IPUIPlugin
2024-06-04 09:13:39,470 [INFO] PluginManager:220 - loadIPPluginJar : add i2s
2024-06-04 09:13:39,531 [INFO] IPUIPlugin:80 - create IPUIPlugin
2024-06-04 09:13:39,532 [INFO] PluginManager:220 - loadIPPluginJar : add i3c
2024-06-04 09:13:39,682 [INFO] IPUIPlugin:80 - create IPUIPlugin
2024-06-04 09:13:39,682 [INFO] PluginManager:220 - loadIPPluginJar : add ipddr
2024-06-04 09:13:39,808 [INFO] IPUIPlugin:80 - create IPUIPlugin
2024-06-04 09:13:39,808 [INFO] PluginManager:220 - loadIPPluginJar : add linkedlist
2024-06-04 09:13:39,855 [INFO] IPUIPlugin:80 - create IPUIPlugin
2024-06-04 09:13:39,855 [INFO] PluginManager:220 - loadIPPluginJar : add lorawan
2024-06-04 09:13:39,918 [INFO] IPUIPlugin:80 - create IPUIPlugin
2024-06-04 09:13:39,918 [INFO] PluginManager:220 - loadIPPluginJar : add ltdc
2024-06-04 09:13:39,939 [INFO] IPUIPlugin:80 - create IPUIPlugin
2024-06-04 09:13:39,940 [INFO] PluginManager:220 - loadIPPluginJar : add mdma
2024-06-04 09:13:39,968 [INFO] IPUIPlugin:80 - create IPUIPlugin
2024-06-04 09:13:39,968 [INFO] PluginManager:220 - loadIPPluginJar : add nvic
2024-06-04 09:13:40,021 [INFO] IPUIPlugin:80 - create IPUIPlugin
2024-06-04 09:13:40,021 [INFO] PluginManager:220 - loadIPPluginJar : add opamp
2024-06-04 09:13:40,071 [INFO] ThirdPartyUpdaterWithRetryManager:70 - Updater plugin not ready yet. [2/15]
2024-06-04 09:13:40,104 [INFO] IPUIPlugin:80 - create IPUIPlugin
2024-06-04 09:13:40,104 [INFO] PluginManager:220 - loadIPPluginJar : add openamp
2024-06-04 09:13:40,162 [INFO] IPUIPlugin:80 - create IPUIPlugin
2024-06-04 09:13:40,162 [INFO] PluginManager:220 - loadIPPluginJar : add pdm2pcm
2024-06-04 09:13:40,180 [INFO] IPUIPlugin:80 - create IPUIPlugin
2024-06-04 09:13:40,183 [INFO] PluginManager:220 - loadIPPluginJar : add plateformsettings
2024-06-04 09:13:40,212 [INFO] IPUIPlugin:80 - create IPUIPlugin
2024-06-04 09:13:40,212 [INFO] PluginManager:220 - loadIPPluginJar : add quadspi
2024-06-04 09:13:40,228 [INFO] IPUIPlugin:80 - create IPUIPlugin
2024-06-04 09:13:40,228 [INFO] PluginManager:220 - loadIPPluginJar : add resmgrutility
2024-06-04 09:13:40,292 [INFO] IPUIPlugin:80 - create IPUIPlugin
2024-06-04 09:13:40,292 [INFO] PluginManager:220 - loadIPPluginJar : add sai
2024-06-04 09:13:40,340 [INFO] IPUIPlugin:80 - create IPUIPlugin
2024-06-04 09:13:40,341 [INFO] PluginManager:220 - loadIPPluginJar : add spi
2024-06-04 09:13:40,433 [INFO] IPUIPlugin:80 - create IPUIPlugin
2024-06-04 09:13:40,433 [INFO] PluginManager:220 - loadIPPluginJar : add stm32_wpan
2024-06-04 09:13:40,464 [INFO] IPUIPlugin:80 - create IPUIPlugin
2024-06-04 09:13:40,464 [INFO] PluginManager:220 - loadIPPluginJar : add tim
2024-06-04 09:13:40,544 [INFO] IPUIPlugin:80 - create IPUIPlugin
2024-06-04 09:13:40,544 [INFO] PluginManager:220 - loadIPPluginJar : add touchsensing
2024-06-04 09:13:40,577 [INFO] IPUIPlugin:80 - create IPUIPlugin
2024-06-04 09:13:40,577 [INFO] PluginManager:220 - loadIPPluginJar : add tracer_emb
2024-06-04 09:13:40,608 [INFO] IPUIPlugin:80 - create IPUIPlugin
2024-06-04 09:13:40,608 [INFO] PluginManager:220 - loadIPPluginJar : add ts
2024-06-04 09:13:40,639 [INFO] IPUIPlugin:80 - create IPUIPlugin
2024-06-04 09:13:40,640 [INFO] PluginManager:220 - loadIPPluginJar : add tsc
2024-06-04 09:13:40,671 [INFO] IPUIPlugin:80 - create IPUIPlugin
2024-06-04 09:13:40,671 [INFO] PluginManager:220 - loadIPPluginJar : add ucpd
2024-06-04 09:13:40,736 [INFO] IPUIPlugin:80 - create IPUIPlugin
2024-06-04 09:13:40,737 [INFO] PluginManager:220 - loadIPPluginJar : add usart
2024-06-04 09:13:40,801 [INFO] IPUIPlugin:80 - create IPUIPlugin
2024-06-04 09:13:40,801 [INFO] PluginManager:220 - loadIPPluginJar : add usbx
2024-06-04 09:13:40,971 [INFO] CADModel:165 - CPN selected for project level
2024-06-04 09:13:40,972 [INFO] CADModel:114 - Register for checkConnection events
2024-06-04 09:13:40,972 [FATAL] Updater:308 - Updater called before beeing initialized
2024-06-04 09:13:40,973 [ERROR] CADModel:125 - Updater not yet initialized, retry later 
2024-06-04 09:13:41,242 [INFO] CADModel:165 - CPN selected for project level
2024-06-04 09:13:41,242 [INFO] CADModel:114 - Register for checkConnection events
2024-06-04 09:13:41,242 [FATAL] Updater:308 - Updater called before beeing initialized
2024-06-04 09:13:41,242 [ERROR] CADModel:125 - Updater not yet initialized, retry later 
2024-06-04 09:13:41,247 [FATAL] Updater:308 - Updater called before beeing initialized
2024-06-04 09:13:41,453 [FATAL] Updater:308 - Updater called before beeing initialized
2024-06-04 09:13:41,470 [INFO] DbMcusAds:53 - JSON generation date=Thu May 16 15:22:01 BDT 2024 (1715851321456)
2024-06-04 09:13:41,470 [FATAL] Updater:308 - Updater called before beeing initialized
2024-06-04 09:13:41,620 [WARN] DetailPanel:346 - Failed to get advertising image, set to default
2024-06-04 09:13:41,758 [FATAL] Updater:308 - Updater called before beeing initialized
2024-06-04 09:13:41,771 [FATAL] Updater:308 - Updater called before beeing initialized
2024-06-04 09:13:41,772 [FATAL] Updater:308 - Updater called before beeing initialized
2024-06-04 09:13:41,772 [WARN] DetailPanel:346 - Failed to get advertising image, set to default
2024-06-04 09:13:41,773 [FATAL] Updater:308 - Updater called before beeing initialized
2024-06-04 09:13:41,925 [ERROR] Updater:1120 - MainUpdater not yet initialized. External WinMGr cannot be set.
2024-06-04 09:13:41,946 [INFO] Updater:1056 - Updater Version found : 6.11.1
2024-06-04 09:13:41,987 [INFO] ApplicationProperties:184 - Using Application install path: D:\stm32cubeIDE\STM32CubeIDE_1.15.1\STM32CubeIDE\plugins\com.st.stm32cube.common.mx_6.11.1.202404110753
2024-06-04 09:13:43,072 [INFO] ThirdPartyUpdaterWithRetryManager:70 - Updater plugin not ready yet. [3/15]
2024-06-04 09:13:43,623 [ERROR] LogOutputStream:75 - [STDERR_REDIRECT] Jun 04, 2024 9:13:43 AM java.util.prefs.WindowsPreferences <init>
2024-06-04 09:13:43,627 [ERROR] LogOutputStream:75 - [STDERR_REDIRECT] WARNING: Could not open/create prefs root node Software\JavaSoft\Prefs at root 0xffffffff80000002. Windows RegCreateKeyEx(...) returned error code 5.
2024-06-04 09:13:43,628 [ERROR] LogOutputStream:75 - [STDERR_REDIRECT] 
2024-06-04 09:13:44,506 [INFO] MainUpdater:2873 - connection check result : 10
2024-06-04 09:13:44,508 [INFO] MainUpdater:290 - Updater Check For Update Now.
2024-06-04 09:13:44,508 [INFO] MicroXplorer:498 - Change Database Version : DB.6.0.111
2024-06-04 09:13:44,576 [INFO] McuFinderGlobals:63 - Set McuFinder mode to 2 (CubeIDE integrated)
2024-06-04 09:13:44,617 [INFO] UserAuth:415 - Internet connection configuration mode: 1
2024-06-04 09:13:44,744 [INFO] JxBrowserEngine:152 - Initiate JxBrowser Engine with user profile folder
2024-06-04 09:13:44,893 [INFO] CheckServerUpdateThread:120 - End of CheckServer Thread
2024-06-04 09:13:46,466 [WARN] PackLoader:240 - Cannot read IP mode file for STMicroelectronics.FP-SNS-MOTENVWB1.1.4.0
2024-06-04 09:13:46,495 [WARN] PackLoader:240 - Cannot read IP mode file for STMicroelectronics.X-CUBE-SMBUS.2.1.0
2024-06-04 09:13:46,512 [WARN] PackLoader:240 - Cannot read IP mode file for STMicroelectronics.X-CUBE-TOUCHGFX.4.23.2
2024-06-04 09:13:46,627 [WARN] PackLoader:240 - Cannot read IP mode file for STMicroelectronics.X-CUBE-AZRTOS-F7.1.1.0
2024-06-04 09:13:46,668 [WARN] PackLoader:240 - Cannot read IP mode file for STMicroelectronics.FP-SNS-FLIGHT1.5.0.2
2024-06-04 09:13:46,736 [WARN] PackLoader:240 - Cannot read IP mode file for STMicroelectronics.X-CUBE-DISPLAY.3.0.0
2024-06-04 09:13:46,784 [WARN] PackLoader:240 - Cannot read IP mode file for STMicroelectronics.X-CUBE-BLE1.7.0.0
2024-06-04 09:13:46,844 [WARN] PackLoader:240 - Cannot read IP mode file for emotas.I-CUBE-CANOPEN.1.3.0
2024-06-04 09:13:46,889 [WARN] PackLoader:240 - Cannot read IP mode file for STMicroelectronics.X-CUBE-BLEMGR.3.1.0
2024-06-04 09:13:46,926 [WARN] PackLoader:240 - Cannot read IP mode file for STMicroelectronics.FP-SNS-SMARTAG2.1.2.0
2024-06-04 09:13:46,977 [INFO] LogOutputStream:77 - [STDOUT_REDIRECT] 1 : Invalid condition id : UX_CORESTACK_Condition cause : null
2024-06-04 09:13:46,978 [INFO] LogOutputStream:77 - [STDOUT_REDIRECT] 1 : Invalid condition id : UX_CORESTACK_Condition cause : null
2024-06-04 09:13:46,981 [INFO] LogOutputStream:77 - [STDOUT_REDIRECT] 1 : Invalid condition id : UX_CORESTACK_Condition cause : null
2024-06-04 09:13:46,985 [INFO] LogOutputStream:77 - [STDOUT_REDIRECT] 1 : Invalid condition id : UX_CORESTACK_Condition cause : null
2024-06-04 09:13:46,988 [INFO] LogOutputStream:77 - [STDOUT_REDIRECT] 1 : Invalid condition id : UX_CORESTACK_Condition cause : null
2024-06-04 09:13:47,001 [WARN] PackLoader:240 - Cannot read IP mode file for STMicroelectronics.X-CUBE-AZRTOS-WL.2.0.0
2024-06-04 09:13:47,040 [WARN] PackLoader:240 - Cannot read IP mode file for STMicroelectronics.FP-SNS-MOTENV1.5.0.0
2024-06-04 09:13:47,091 [WARN] PackLoader:240 - Cannot read IP mode file for WES.I-CUBE-Cesium.1.3.0
2024-06-04 09:13:47,114 [WARN] PackLoader:240 - Cannot read IP mode file for STMicroelectronics.X-CUBE-BLE2.3.3.0
2024-06-04 09:13:47,144 [WARN] PackLoader:240 - Cannot read IP mode file for STMicroelectronics.X-CUBE-TCPP.4.1.0
2024-06-04 09:13:47,247 [WARN] PackLoader:240 - Cannot read IP mode file for STMicroelectronics.X-CUBE-AZRTOS-G0.1.1.0
2024-06-04 09:13:47,295 [WARN] PackLoader:240 - Cannot read IP mode file for STMicroelectronics.X-CUBE-SAFEA1.1.2.2
2024-06-04 09:13:47,323 [WARN] PackLoader:240 - Cannot read IP mode file for STMicroelectronics.X-CUBE-NFC4.3.0.0
2024-06-04 09:13:47,339 [WARN] PackLoader:240 - Cannot read IP mode file for wolfSSL.I-CUBE-wolfMQTT.1.18.0
2024-06-04 09:13:47,354 [WARN] PackLoader:240 - Cannot read IP mode file for wolfSSL.I-CUBE-wolfSSL.5.7.0
2024-06-04 09:13:47,370 [WARN] PackLoader:240 - Cannot read IP mode file for STMicroelectronics.FP-ATR-SIGFOX1.3.2.0
2024-06-04 09:13:47,389 [WARN] PackLoader:240 - Cannot read IP mode file for STMicroelectronics.X-CUBE-EEPRMA1.5.1.0
2024-06-04 09:13:47,432 [WARN] PackLoader:240 - Cannot read IP mode file for ITTIA_DB.I-CUBE-ITTIADB.8.9.0
2024-06-04 09:13:47,562 [WARN] PackLoader:240 - Cannot read IP mode file for SEGGER.I-CUBE-embOS.1.3.1
2024-06-04 09:13:47,720 [WARN] PackLoader:240 - Cannot read IP mode file for STMicroelectronics.X-CUBE-ALGOBUILD.1.4.0
2024-06-04 09:13:47,748 [WARN] PackLoader:240 - Cannot read IP mode file for STMicroelectronics.X-CUBE-GNSS1.6.0.0
2024-06-04 09:13:47,830 [WARN] PackLoader:240 - Cannot read IP mode file for STMicroelectronics.X-CUBE-AZRTOS-F4.1.1.0
2024-06-04 09:13:47,865 [WARN] PackLoader:240 - Cannot read IP mode file for STMicroelectronics.X-CUBE-FREERTOS.1.2.0
2024-06-04 09:13:47,934 [WARN] PackLoader:240 - Cannot read IP mode file for STMicroelectronics.X-CUBE-AZRTOS-L5.2.0.0
2024-06-04 09:13:47,989 [WARN] PackLoader:240 - Cannot read IP mode file for STMicroelectronics.X-CUBE-NFC6.3.1.0
2024-06-04 09:13:48,019 [WARN] PackLoader:240 - Cannot read IP mode file for STMicroelectronics.X-CUBE-AI.9.0.0
2024-06-04 09:13:48,044 [WARN] PackLoader:240 - Cannot read IP mode file for STMicroelectronics.X-CUBE-NFC7.1.0.1
2024-06-04 09:13:48,139 [WARN] ConditionMgr:438 - getConditionDescription Invalid condition id : LAN8742 Phy interface Condition cause : null
2024-06-04 09:13:48,142 [WARN] PackLoader:240 - Cannot read IP mode file for STMicroelectronics.X-CUBE-AZRTOS-L4.2.0.0
2024-06-04 09:13:48,145 [WARN] ConditionMgr:1039 - genDependencies : Invalid condition id : LAN8742 Phy interface Condition cause : null
2024-06-04 09:13:48,146 [WARN] ConditionMgr:1039 - genDependencies : Invalid condition id : LAN8742 Phy interface Condition cause : null
2024-06-04 09:13:48,148 [WARN] ConditionMgr:1039 - genDependencies : Invalid condition id : LAN8742 Phy interface Condition cause : null
2024-06-04 09:13:48,186 [WARN] PackLoader:240 - Cannot read IP mode file for STMicroelectronics.X-CUBE-SFXS2LP1.4.0.0
2024-06-04 09:13:48,246 [WARN] ConditionMgr:438 - getConditionDescription Invalid condition id : UX DEVICE CLASS RTOS Condition cause : null
2024-06-04 09:13:48,248 [WARN] ConditionMgr:438 - getConditionDescription Invalid condition id : UX DEVICE CLASS RTOS Condition cause : null
2024-06-04 09:13:48,261 [WARN] PackLoader:240 - Cannot read IP mode file for STMicroelectronics.X-CUBE-AZRTOS-WB.2.0.0
2024-06-04 09:13:48,262 [WARN] ConditionMgr:1039 - genDependencies : Invalid condition id : UX DEVICE CLASS RTOS Condition cause : null
2024-06-04 09:13:48,263 [WARN] ConditionMgr:1039 - genDependencies : Invalid condition id : UX DEVICE CLASS RTOS Condition cause : null
2024-06-04 09:13:48,264 [WARN] ConditionMgr:1039 - genDependencies : Invalid condition id : UX DEVICE CLASS RTOS Condition cause : null
2024-06-04 09:13:48,264 [WARN] ConditionMgr:1039 - genDependencies : Invalid condition id : UX DEVICE CLASS RTOS Condition cause : null
2024-06-04 09:13:48,265 [WARN] ConditionMgr:1039 - genDependencies : Invalid condition id : UX DEVICE CLASS RTOS Condition cause : null
2024-06-04 09:13:48,313 [WARN] PackLoader:240 - Cannot read IP mode file for STMicroelectronics.X-CUBE-SUBG2.5.0.0
2024-06-04 09:13:48,346 [WARN] PackLoader:240 - Cannot read IP mode file for Cesanta.I-CUBE-Mongoose.7.13.0
2024-06-04 09:13:48,429 [WARN] PackLoader:240 - Cannot read IP mode file for STMicroelectronics.X-CUBE-AZRTOS-G4.2.0.0
2024-06-04 09:13:48,473 [WARN] PackLoader:240 - Cannot read IP mode file for STMicroelectronics.X-CUBE-ISPU.2.0.0
2024-06-04 09:13:48,495 [WARN] PackLoader:240 - Cannot read IP mode file for STMicroelectronics.X-CUBE-ALS.1.0.2
2024-06-04 09:13:48,647 [WARN] PackLoader:240 - Cannot read IP mode file for STMicroelectronics.X-CUBE-MEMS1.10.0.0
2024-06-04 09:13:48,961 [WARN] PackLoader:240 - Cannot read IP mode file for portGmbH.I-Cube-SoM-uGOAL.1.1.0
2024-06-04 09:13:49,030 [WARN] PackLoader:240 - Cannot read IP mode file for STMicroelectronics.X-CUBE-AZRTOS-H7RS.1.0.0
2024-06-04 09:13:49,058 [WARN] PackLoader:240 - Cannot read IP mode file for STMicroelectronics.FP-ATR-ASTRA1.2.0.0
2024-06-04 09:13:49,101 [WARN] PackLoader:240 - Cannot read IP mode file for STMicroelectronics.X-CUBE-TOF1.3.4.1
2024-06-04 09:13:49,197 [WARN] PackLoader:240 - Cannot read IP mode file for STMicroelectronics.X-CUBE-AZRTOS-H7.3.2.0
2024-06-04 09:13:49,265 [WARN] PackLoader:240 - Cannot read IP mode file for Infineon.AIROC-Wi-Fi-Bluetooth-STM32.1.6.0
2024-06-04 09:13:49,283 [INFO] ThirdParty:978 - Integrity check success = true
2024-06-04 09:13:49,283 [INFO] IntegrityCheckThread:100 - exiting critical section [integrity check]
2024-06-04 09:13:49,284 [INFO] IntegrityCheckThread:103 - End integrity checks thread
2024-06-04 09:13:53,810 [INFO] WebApp:161 - Instantiating new browser for Auth
2024-06-04 09:13:55,093 [INFO] WebApp:779 - Register for checkConnection events
2024-06-04 09:13:55,093 [INFO] WebApp:414 - Apply proxy settings
2024-06-04 09:13:55,093 [INFO] WebApp:499 - Chromium requires no authentication
2024-06-04 09:13:55,105 [INFO] WebApp:442 - Direct internet connection detected
2024-06-04 09:13:55,382 [INFO] WebApp:192 - Starting web application
2024-06-04 09:13:55,382 [INFO] WebApp:544 - Web application path used D:\stm32cubeIDE\STM32CubeIDE_1.15.1\STM32CubeIDE\plugins\com.st.stm32cube.common.mx_6.11.1.202404110753\db\plugins\mcufinder\reactClient1\index.html
2024-06-04 09:17:49,757 [INFO] McuFinderGlobals:63 - Set McuFinder mode to 2 (CubeIDE integrated)
2024-06-04 09:17:49,808 [INFO] MainUpdater:2873 - connection check result : 10
2024-06-04 09:17:49,817 [INFO] MainUpdater:2873 - connection check result : 10
2024-06-04 09:17:50,332 [INFO] MicroXplorer:468 - Change Database Path : 
2024-06-04 09:17:50,332 [INFO] MicroXplorer:498 - Change Database Version : DB.6.0.111
2024-06-04 09:17:50,382 [WARN] ThirdParty:871 - waiting for thirdparty lock release [close project]
2024-06-04 09:17:50,383 [INFO] ThirdParty:873 - entering critical section [close project]
2024-06-04 09:17:50,384 [INFO] ThirdParty:883 - exiting critical section [close project]
2024-06-04 09:17:50,388 [INFO] PinOutPanel:1561 - setPackage(No Configuration,No Configuration)
2024-06-04 09:17:50,395 [INFO] UtilMem:75 - Begin LoadConfig() Used Memory: 586340672 Bytes (947912704)
2024-06-04 09:17:50,397 [INFO] MicroXplorer:468 - Change Database Path : 
2024-06-04 09:17:50,397 [INFO] MicroXplorer:498 - Change Database Version : DB.6.0.111
2024-06-04 09:17:50,398 [INFO] OpenFileManager:312 - Change cursor
2024-06-04 09:17:50,537 [INFO] Mcu:2021 - Initializing MCU STM32F103C(8-B)Tx STM32F103C8Tx STM32F103C8T6TR
2024-06-04 09:17:53,369 [INFO] Context:663 - Trying to add GPIOservice into a context  which must be forbidden
2024-06-04 09:17:54,497 [INFO] RtosManager:555 - Registered RTOS mode: class=CMSIS, group=RTOS, mode=CMSIS_V1, owner=FREERTOS
2024-06-04 09:17:54,497 [INFO] RtosManager:555 - Registered RTOS mode: class=CMSIS, group=RTOS2, mode=CMSIS_V2, owner=FREERTOS
2024-06-04 09:17:54,497 [INFO] RtosManager:555 - Registered RTOS mode: class=RTOS, group=Core, mode=CMSIS_V1, owner=FREERTOS
2024-06-04 09:17:54,498 [INFO] RtosManager:555 - Registered RTOS mode: class=RTOS, group=Core, mode=CMSIS_V2, owner=FREERTOS
2024-06-04 09:17:54,498 [WARN] ModelIntegratedComponent:184 - Missing modes for component STMicroelectronics:FreeRTOS:0.0.1:STMicroelectronics:RTOS:FreeRTOS:Core:::10.2.0:
2024-06-04 09:17:54,530 [WARN] ModelIntegratedComponent:63 - No mode defined for component null
2024-06-04 09:17:54,530 [WARN] ModelIntegratedComponent:63 - No mode defined for component null
2024-06-04 09:17:54,531 [WARN] ModelIntegratedComponent:63 - No mode defined for component null
2024-06-04 09:17:54,531 [WARN] ModelIntegratedComponent:63 - No mode defined for component null
2024-06-04 09:17:54,531 [WARN] ModelIntegratedComponent:63 - No mode defined for component null
2024-06-04 09:17:54,531 [WARN] ModelIntegratedComponent:63 - No mode defined for component null
2024-06-04 09:17:54,531 [WARN] ModelIntegratedComponent:63 - No mode defined for component null
2024-06-04 09:17:54,531 [WARN] ModelIntegratedComponent:63 - No mode defined for component null
2024-06-04 09:17:54,531 [WARN] ModelIntegratedComponent:63 - No mode defined for component null
2024-06-04 09:17:54,531 [WARN] ModelIntegratedComponent:63 - No mode defined for component null
2024-06-04 09:17:54,531 [WARN] ModelIntegratedComponent:63 - No mode defined for component null
2024-06-04 09:17:54,532 [WARN] ModelIntegratedComponent:63 - No mode defined for component null
2024-06-04 09:17:54,532 [WARN] ModelIntegratedComponent:63 - No mode defined for component null
2024-06-04 09:17:54,532 [WARN] ModelIntegratedComponent:63 - No mode defined for component null
2024-06-04 09:17:54,532 [WARN] ModelIntegratedComponent:63 - No mode defined for component null
2024-06-04 09:17:54,532 [WARN] ModelIntegratedComponent:63 - No mode defined for component null
2024-06-04 09:17:54,532 [WARN] ModelIntegratedComponent:63 - No mode defined for component null
2024-06-04 09:17:54,532 [WARN] ModelIntegratedComponent:63 - No mode defined for component null
2024-06-04 09:17:54,532 [WARN] ModelIntegratedComponent:63 - No mode defined for component null
2024-06-04 09:17:54,532 [WARN] ModelIntegratedComponent:63 - No mode defined for component null
2024-06-04 09:17:54,532 [WARN] ModelIntegratedComponent:63 - No mode defined for component null
2024-06-04 09:17:54,532 [WARN] ModelIntegratedComponent:63 - No mode defined for component null
2024-06-04 09:17:54,533 [WARN] ModelIntegratedComponent:63 - No mode defined for component null
2024-06-04 09:17:54,533 [WARN] ModelIntegratedComponent:63 - No mode defined for component null
2024-06-04 09:17:54,533 [WARN] ModelIntegratedComponent:63 - No mode defined for component null
2024-06-04 09:17:54,533 [WARN] ModelIntegratedComponent:63 - No mode defined for component null
2024-06-04 09:17:54,533 [WARN] ModelIntegratedComponent:63 - No mode defined for component null
2024-06-04 09:17:54,533 [WARN] ModelIntegratedComponent:63 - No mode defined for component null
2024-06-04 09:17:54,533 [WARN] ModelIntegratedComponent:63 - No mode defined for component null
2024-06-04 09:17:54,533 [WARN] ModelIntegratedComponent:63 - No mode defined for component null
2024-06-04 09:17:54,533 [WARN] ModelIntegratedComponent:63 - No mode defined for component null
2024-06-04 09:17:54,534 [WARN] ModelIntegratedComponent:63 - No mode defined for component null
2024-06-04 09:17:54,534 [WARN] ModelIntegratedComponent:63 - No mode defined for component null
2024-06-04 09:17:54,534 [WARN] ModelIntegratedComponent:63 - No mode defined for component null
2024-06-04 09:17:54,719 [INFO] ThirdPartyModel:298 - Start build external matchings
2024-06-04 09:17:55,195 [INFO] ThirdPartyModel:316 - End build external matchings
2024-06-04 09:17:55,783 [INFO] ApiDb:581 - Connected to CubeFinder SQLite database (C:\Users\nusra\.stmcufinder\plugins\mcufinder\mcu\cube-finder-db.db)
2024-06-04 09:17:55,987 [INFO] ApiDb:668 - CubeFinder database Data Model version=2.1
2024-06-04 09:17:55,987 [INFO] ApiDb:669 - CubeFinder database Configuration version=3.0.39
2024-06-04 09:17:55,987 [INFO] ApiDb:670 - CubeFinder database generation date=2024-05-16 (1715872938)
2024-06-04 09:17:55,988 [INFO] ApiDb:671 - CubeFinder database FW Pack versions=[FP-ATR-ASTRA1_V2.0.0, FP-SNS-FLIGHT1_V5.0.1, FP-SNS-FLIGHT1_V5.0.2, FP-SNS-MOTENV1_V4.3.1, FP-SNS-MOTENV1_V4.3.2, FP-SNS-MOTENV1_V5.0.0, FP-SNS-MOTENVWB1_V1.4.0, FP-SNS-SMARTAG2_V1.2.0, STM32Cube_FW_C0_V1.1.0, STM32Cube_FW_F4_V1.28.0, STM32Cube_FW_F7_V1.17.0, STM32Cube_FW_G0_V1.6.2, STM32Cube_FW_G4_V1.5.2, STM32Cube_FW_H5_V0.5.1, STM32Cube_FW_H5_V1.1.1, STM32Cube_FW_H5_V1.2.0, STM32Cube_FW_H5_V1.2.0RC4, STM32Cube_FW_H7RS_V1.0.0, STM32Cube_FW_H7RS_V1.0.0RC4, STM32Cube_FW_H7_V1.11.0, STM32Cube_FW_L0_V1.12.2, STM32Cube_FW_L5_V1.5.1, STM32Cube_FW_U0_V1.0.0, STM32Cube_FW_U0_V1.0.0RC1, STM32Cube_FW_U5_V1.3.0RC4, STM32Cube_FW_U5_V1.5.0, STM32Cube_FW_U5_V1.5.0RC1, STM32Cube_FW_WBA_V1.0.0RC1, STM32Cube_FW_WBA_V1.2.0, STM32Cube_FW_WBA_V1.2.0RC2, STM32Cube_FW_WBA_V1.3.0, STM32Cube_FW_WBA_V1.3.0RC1, STM32Cube_FW_WB_V1.15.0RC1, STM32Cube_FW_WB_V1.16.0, STM32Cube_FW_WB_V1.16.0RC2, STM32Cube_FW_WB_V1.18.0, STM32Cube_FW_WB_V1.19.0, STM32Cube_FW_WL_V1.3.0, X-CUBE-ALGOBUILD_V1.4.0, X-CUBE-ALS_V1.0.1, X-CUBE-AZRTOS-F4_V1.1.0, X-CUBE-AZRTOS-F7_V1.1.0, X-CUBE-AZRTOS-G0_V1.1.0, X-CUBE-AZRTOS-G4_V2.0.0, X-CUBE-AZRTOS-H7_V3.2.0, X-CUBE-AZRTOS-L4_V1.0.0, X-CUBE-AZRTOS-L4_V2.0.0, X-CUBE-AZRTOS-L5_V1.1.0, X-CUBE-AZRTOS-WB_V2.0.0, X-CUBE-AZRTOS-WL_V2.0.0, X-CUBE-BLE1_V7.0.0, X-CUBE-BLE2_V3.3.0, X-CUBE-BLEMGR_V3.1.0, X-CUBE-EEPRMA1_V4.1.0, X-CUBE-EEPRMA1_V5.1.0, X-CUBE-FREERTOS_V1.1.0, X-CUBE-GNSS1_V6.0.0, X-CUBE-MEMS1_V10.0.0, X-CUBE-MEMS1_V9.1.0, X-CUBE-MEMS1_V9.4.0, X-CUBE-MEMS1_V9.6.0, X-CUBE-NFC4_V3.0.0, X-CUBE-NFC7_V1.0.1, X-CUBE-SFXS2LP1_V4.0.0, X-CUBE-SUBG2_V5.0.0, X-CUBE-TOF1_V3.4.0]
2024-06-04 09:17:56,206 [INFO] DbBoardsSqlite:226 - include board P-NUCLEO-WB55-NUCLEO as a kit item of type 'Nucleo-64'
2024-06-04 09:17:56,207 [INFO] DbBoardsSqlite:226 - include board P-NUCLEO-WB55-USBDONGLE as a kit item of type 'Nucleo USB Dongle'
2024-06-04 09:17:56,208 [INFO] DbBoardsSqlite:226 - include board STEVAL-IDP005V1 as a kit item of type 'Evaluation Board'
2024-06-04 09:17:56,209 [INFO] DbBoardsSqlite:226 - include board STEVAL-IDP005V2 as a kit item of type 'Evaluation Board'
2024-06-04 09:17:56,946 [INFO] ApiDb:240 - Found 483 in-development CPN: [B-G473E-ZEST1S, B-WB1M-WPAN1, B-WL5M-SUBG1, NUCLEO-C031C6, NUCLEO-H503RB, NUCLEO-H533RE, NUCLEO-H563ZI, NUCLEO-H7S3L8, NUCLEO-U031R8, NUCLEO-U083RC, NUCLEO-U545RE-Q, NUCLEO-U5A5ZJ-Q, NUCLEO-WBA52CG, NUCLEO-WBA55CG, STEVAL-PROTEUS1, STEVAL-SMARTAG2, STEVAL-STWINBX1, STM320518-EVAL, STM32C0116-DK, STM32C011D6Y3TR, STM32C011D6Y6TR, STM32C011F4P3, STM32C011F4P6, STM32C011F4U3, STM32C011F4U6TR, STM32C011F6P3, STM32C011F6P6, STM32C011F6U3, STM32C011F6U6TR, STM32C011J4M3, STM32C011J4M6, STM32C011J6M3, STM32C011J6M6, STM32C0316-DK, STM32C031C4T3, STM32C031C4T6, STM32C031C4U3, STM32C031C4U6, STM32C031C6T3, STM32C031C6T6, STM32C031C6U3, STM32C031C6U6, STM32C031F4P3, STM32C031F4P6, STM32C031F6P3, STM32C031F6P6, STM32C031G4U3, STM32C031G4U6, STM32C031G6U3, STM32C031G6U6, STM32C031K4T3, STM32C031K4T6, STM32C031K4U3, STM32C031K4U6, STM32C031K6T3, STM32C031K6T6, STM32C031K6U3, STM32C031K6U6, STM32G071K8TXN, STM32G071K8UXN, STM32G081GBU6N, STM32G081KBT6N, STM32G081KBUXN, STM32G0B1CCT6N, STM32G0B1KCT6, STM32G0B1NEY6TR, STM32G0B1RCT6N, STM32G0C1CCT6, STM32G0C1CCT6N, STM32G0C1CCU6N, STM32G0C1CET6N, STM32G0C1CEU6N, STM32G0C1KCT6, STM32G0C1NEY6TR, STM32G0C1RCI6N, STM32G0C1RCT6N, STM32G0C1REI6N, STM32G0C1RET6N, STM32G0C1VCI6, STM32G0C1VEI6, STM32G471CCT6, STM32G471CCU6, STM32G471CET3, STM32G471CET6, STM32G471CEU3, STM32G471CEU6, STM32G471MCT6, STM32G471MET3, STM32G471MET6, STM32G471MEY6TR, STM32G471QCT6, STM32G471QET3, STM32G471RCT6, STM32G471RET3, STM32G471RET6, STM32G471VCH6, STM32G471VCI6, STM32G471VCT6, STM32G471VEH3, STM32G471VEH6, STM32G471VEI3, STM32G471VEI6, STM32G471VET3, STM32G471VET6, STM32G474CCT6, STM32H503CBT6, STM32H503CBU6, STM32H503EBY6TR, STM32H503KBU6, STM32H503RBT6, STM32H523CCT6, STM32H523CCU6, STM32H523CET6, STM32H523CEU6, STM32H523HEY6TR, STM32H523RCT6, STM32H523RET6, STM32H523VCI6, STM32H523VCT6, STM32H523VEI6, STM32H523VET6, STM32H523ZCJ6, STM32H523ZCT6, STM32H523ZEJ6, STM32H523ZET6, STM32H533CET6, STM32H533CEU6, STM32H533HEY6TR, STM32H533RET6, STM32H533VEI6, STM32H533VET6, STM32H533ZEJ6, STM32H533ZET6, STM32H562AGI6, STM32H562AII6, STM32H562IGK6, STM32H562IGT6, STM32H562IIK6, STM32H562IIT6, STM32H562RGT6, STM32H562RGV6, STM32H562RIT6, STM32H562RIV6, STM32H562VGT6, STM32H562VIT6, STM32H562ZGT6, STM32H562ZIT6, STM32H563AGI6, STM32H563AII3Q, STM32H563AII6, STM32H563IGK6, STM32H563IGT6, STM32H563IIK3Q, STM32H563IIK6, STM32H563IIT3Q, STM32H563IIT6, STM32H563MIY3QTR, STM32H563RGT6, STM32H563RGV6, STM32H563RIT6, STM32H563RIV6, STM32H563VGT6, STM32H563VIT3Q, STM32H563VIT6, STM32H563ZGT6, STM32H563ZIT3Q, STM32H563ZIT6, STM32H573AII3Q, STM32H573AII6, STM32H573I-DK, STM32H573IIK3Q, STM32H573IIK6, STM32H573IIT3Q, STM32H573IIT6, STM32H573MIY3QTR, STM32H573RIT6, STM32H573RIV6, STM32H573VIT3Q, STM32H573VIT6, STM32H573ZIT3Q, STM32H573ZIT6, STM32H7R3A8I6, STM32H7R3I8K6, STM32H7R3I8T6, STM32H7R3L8H6, STM32H7R3L8H6H, STM32H7R3R8V6, STM32H7R3V8H6, STM32H7R3V8T6, STM32H7R3V8Y6, STM32H7R3Z8J6, STM32H7R3Z8T6, STM32H7R7A8I6, STM32H7R7I8K6, STM32H7R7I8T6, STM32H7R7L8H6, STM32H7R7L8H6H, STM32H7R7Z8J6, STM32H7S3A8I6, STM32H7S3I8K6, STM32H7S3I8T6, STM32H7S3L8H6, STM32H7S3L8H6H, STM32H7S3R8V6, STM32H7S3V8H6, STM32H7S3V8T6, STM32H7S3V8Y6, STM32H7S3Z8J6, STM32H7S3Z8T6, STM32H7S78-DK, STM32H7S7A8I6, STM32H7S7I8K6, STM32H7S7I8T6, STM32H7S7L8H6, STM32H7S7L8H6H, STM32H7S7Z8J6, STM32L4R5QGI6STR, STM32MP131AAE3, STM32MP131AAF3, STM32MP131AAG3, STM32MP131CAE3, STM32MP131CAF3, STM32MP131CAG3, STM32MP131DAE7, STM32MP131DAF7, STM32MP131DAG7, STM32MP131FAE7, STM32MP131FAF7, STM32MP131FAG7, STM32MP133AAE3, STM32MP133AAF3, STM32MP133AAG3, STM32MP133CAE3, STM32MP133CAF3, STM32MP133CAG3, STM32MP133DAE7, STM32MP133DAF7, STM32MP133DAG7, STM32MP133FAE7, STM32MP133FAF7, STM32MP133FAG7, STM32MP135AAE3, STM32MP135AAF3, STM32MP135AAG3, STM32MP135CAE3, STM32MP135CAF3, STM32MP135CAG3, STM32MP135DAE7, STM32MP135DAF7, STM32MP135DAG7, STM32MP135F-DK, STM32MP135FAE7, STM32MP135FAF7, STM32MP135FAF7T, STM32MP135FAF7U, STM32MP135FAG7, STM32U031C6T6, STM32U031C6U6, STM32U031C8T6, STM32U031C8U6, STM32U031F4P6, STM32U031F6P6, STM32U031F8P6, STM32U031G6Y6TR, STM32U031G8Y6TR, STM32U031K4U6, STM32U031K6U6, STM32U031K8U6, STM32U031R6I6, STM32U031R6T6, STM32U031R8I6, STM32U031R8T6, STM32U073C8T6, STM32U073C8U6, STM32U073CBT6, STM32U073CBU6, STM32U073CCT6, STM32U073CCU6, STM32U073H8Y6TR, STM32U073HBY6TR, STM32U073HCY6TR, STM32U073K8U6, STM32U073KBU6, STM32U073KCU6, STM32U073M8I6, STM32U073M8T6, STM32U073MBI6, STM32U073MBT6, STM32U073MCI6, STM32U073MCT6, STM32U073R8I6, STM32U073R8T6, STM32U073RBI6, STM32U073RBT6, STM32U073RCI6, STM32U073RCT6, STM32U083C-DK, STM32U083CCT6, STM32U083CCU6, STM32U083HCY6TR, STM32U083KCU6, STM32U083MCI6, STM32U083MCT6, STM32U083RCI6, STM32U083RCT6, STM32U535CBT6, STM32U535CBT6Q, STM32U535CBU6, STM32U535CBU6Q, STM32U535CCT6, STM32U535CCT6Q, STM32U535CCU6, STM32U535CCU6Q, STM32U535CET6, STM32U535CET6Q, STM32U535CEU6, STM32U535CEU6Q, STM32U535JEY6QTR, STM32U535NCY6QTR, STM32U535NEY6QTR, STM32U535RBI6, STM32U535RBI6Q, STM32U535RBT6, STM32U535RBT6Q, STM32U535RCI6, STM32U535RCI6Q, STM32U535RCT6, STM32U535RCT6Q, STM32U535REI6, STM32U535REI6Q, STM32U535RET6, STM32U535RET6Q, STM32U535VCI6, STM32U535VCI6Q, STM32U535VCT6, STM32U535VCT6Q, STM32U535VEI6, STM32U535VEI6Q, STM32U535VET6, STM32U535VET6Q, STM32U545CET6, STM32U545CET6Q, STM32U545CEU6, STM32U545CEU6Q, STM32U545JEY6QTR, STM32U545NEY6QTR, STM32U545REI6, STM32U545REI6Q, STM32U545RET6, STM32U545RET6Q, STM32U545VEI6, STM32U545VEI6Q, STM32U545VET6, STM32U545VET6Q, STM32U595AIH6, STM32U595AIH6Q, STM32U595AJH6, STM32U595AJH6Q, STM32U595QII6, STM32U595QII6Q, STM32U595QJI6, STM32U595QJI6Q, STM32U595RIT6, STM32U595RIT6Q, STM32U595RJT6, STM32U595RJT6Q, STM32U595VIT6, STM32U595VIT6Q, STM32U595VJT6, STM32U595VJT6Q, STM32U595ZIT6, STM32U595ZIT6Q, STM32U595ZIY6QTR, STM32U595ZJT6, STM32U595ZJT6Q, STM32U595ZJY6QTR, STM32U599BJY6QTR, STM32U599NIH6Q, STM32U599NJH6Q, STM32U599VIT6Q, STM32U599VJT6, STM32U599VJT6Q, STM32U599ZIT6Q, STM32U599ZIY6QTR, STM32U599ZJT6Q, STM32U599ZJY6QTR, STM32U5A5AJH6, STM32U5A5AJH6Q, STM32U5A5QII3Q , STM32U5A5QJI6, STM32U5A5QJI6Q, STM32U5A5RJT6, STM32U5A5RJT6Q, STM32U5A5VJT6, STM32U5A5VJT6Q, STM32U5A5ZJT6, STM32U5A5ZJT6Q, STM32U5A5ZJY6QTR, STM32U5A9BJY6QTR, STM32U5A9J-DK, STM32U5A9NJH6Q, STM32U5A9VJT6Q, STM32U5A9ZJT6Q, STM32U5A9ZJY6QTR, STM32U5F7VIT6, STM32U5F7VIT6Q, STM32U5F7VJT6, STM32U5F7VJT6Q, STM32U5F9BJY6QTR, STM32U5F9NJH6Q, STM32U5F9VIT6Q, STM32U5F9VJT6Q, STM32U5F9ZIJ6QTR, STM32U5F9ZIT6Q, STM32U5F9ZJJ6QTR, STM32U5F9ZJT6Q, STM32U5G7VJT6, STM32U5G7VJT6Q, STM32U5G9BJY6QTR, STM32U5G9J-DK1, STM32U5G9J-DK2, STM32U5G9NJH6Q, STM32U5G9VJT6Q, STM32U5G9ZJJ6QTR, STM32U5G9ZJT6Q, STM32WB1MMCH6, STM32WBA50KEU6, STM32WBA50KEU6TR, STM32WBA50KGU6, STM32WBA50KGU6TR, STM32WBA52CEU6, STM32WBA52CEU6TR, STM32WBA52CEU7, STM32WBA52CEU7TR, STM32WBA52CGU6, STM32WBA52CGU6TR, STM32WBA52CGU6U, STM32WBA52CGU7, STM32WBA52CGU7TR, STM32WBA52KEU6, STM32WBA52KEU6TR, STM32WBA52KGU6, STM32WBA52KGU6TR, STM32WBA54CEU6, STM32WBA54CEU6TR, STM32WBA54CEU7, STM32WBA54CEU7TR, STM32WBA54CGU6, STM32WBA54CGU6TR, STM32WBA54CGU7, STM32WBA54CGU7TR, STM32WBA54KEU6, STM32WBA54KEU6TR, STM32WBA54KEU7, STM32WBA54KEU7TR, STM32WBA54KGU6, STM32WBA54KGU6TR, STM32WBA54KGU7, STM32WBA54KGU7TR, STM32WBA55CEU6, STM32WBA55CEU6TR, STM32WBA55CEU7, STM32WBA55CEU7TR, STM32WBA55CGU6, STM32WBA55CGU6TR, STM32WBA55CGU6U, STM32WBA55CGU7, STM32WBA55CGU7TR, STM32WBA55G-DK1, STM32WBA55HEF6, STM32WBA55HEF7, STM32WBA55HGF6, STM32WBA55HGF7, STM32WBA55UEI6, STM32WBA55UEI6TR, STM32WBA55UEI7, STM32WBA55UEI7TR, STM32WBA55UGI6, STM32WBA55UGI6TR, STM32WBA55UGI7, STM32WBA55UGI7TR, STM32WL5MOCH6, STM32WL5MOCH6TR]
2024-06-04 09:17:57,255 [INFO] BoardInfo:889 - No configuration file found for board P-NUCLEO-WB55
2024-06-04 09:17:57,256 [INFO] DbBoards:161 - Kit is not supported: P-NUCLEO-WB55
2024-06-04 09:17:57,261 [INFO] BoardInfo:889 - No configuration file found for board STEVAL-BFA001V1B
2024-06-04 09:17:57,262 [INFO] DbBoards:161 - Kit is not supported: STEVAL-BFA001V1B
2024-06-04 09:17:57,263 [INFO] BoardInfo:889 - No configuration file found for board STEVAL-BFA001V2B
2024-06-04 09:17:57,263 [INFO] DbBoards:161 - Kit is not supported: STEVAL-BFA001V2B
2024-06-04 09:17:57,461 [INFO] DbBoards:168 - Found 199 boards, 196 are supported
2024-06-04 09:17:57,461 [INFO] DbBoards:169 - Found 199 boards, 8 of them is supported for  Bsp
2024-06-04 09:17:57,466 [INFO] ApiDb:668 - CubeFinder database Data Model version=2.1
2024-06-04 09:17:57,466 [INFO] ApiDb:669 - CubeFinder database Configuration version=3.0.39
2024-06-04 09:17:57,466 [INFO] ApiDb:670 - CubeFinder database generation date=2024-05-16 (1715872938)
2024-06-04 09:17:57,466 [INFO] ApiDb:671 - CubeFinder database FW Pack versions=[FP-ATR-ASTRA1_V2.0.0, FP-SNS-FLIGHT1_V5.0.1, FP-SNS-FLIGHT1_V5.0.2, FP-SNS-MOTENV1_V4.3.1, FP-SNS-MOTENV1_V4.3.2, FP-SNS-MOTENV1_V5.0.0, FP-SNS-MOTENVWB1_V1.4.0, FP-SNS-SMARTAG2_V1.2.0, STM32Cube_FW_C0_V1.1.0, STM32Cube_FW_F4_V1.28.0, STM32Cube_FW_F7_V1.17.0, STM32Cube_FW_G0_V1.6.2, STM32Cube_FW_G4_V1.5.2, STM32Cube_FW_H5_V0.5.1, STM32Cube_FW_H5_V1.1.1, STM32Cube_FW_H5_V1.2.0, STM32Cube_FW_H5_V1.2.0RC4, STM32Cube_FW_H7RS_V1.0.0, STM32Cube_FW_H7RS_V1.0.0RC4, STM32Cube_FW_H7_V1.11.0, STM32Cube_FW_L0_V1.12.2, STM32Cube_FW_L5_V1.5.1, STM32Cube_FW_U0_V1.0.0, STM32Cube_FW_U0_V1.0.0RC1, STM32Cube_FW_U5_V1.3.0RC4, STM32Cube_FW_U5_V1.5.0, STM32Cube_FW_U5_V1.5.0RC1, STM32Cube_FW_WBA_V1.0.0RC1, STM32Cube_FW_WBA_V1.2.0, STM32Cube_FW_WBA_V1.2.0RC2, STM32Cube_FW_WBA_V1.3.0, STM32Cube_FW_WBA_V1.3.0RC1, STM32Cube_FW_WB_V1.15.0RC1, STM32Cube_FW_WB_V1.16.0, STM32Cube_FW_WB_V1.16.0RC2, STM32Cube_FW_WB_V1.18.0, STM32Cube_FW_WB_V1.19.0, STM32Cube_FW_WL_V1.3.0, X-CUBE-ALGOBUILD_V1.4.0, X-CUBE-ALS_V1.0.1, X-CUBE-AZRTOS-F4_V1.1.0, X-CUBE-AZRTOS-F7_V1.1.0, X-CUBE-AZRTOS-G0_V1.1.0, X-CUBE-AZRTOS-G4_V2.0.0, X-CUBE-AZRTOS-H7_V3.2.0, X-CUBE-AZRTOS-L4_V1.0.0, X-CUBE-AZRTOS-L4_V2.0.0, X-CUBE-AZRTOS-L5_V1.1.0, X-CUBE-AZRTOS-WB_V2.0.0, X-CUBE-AZRTOS-WL_V2.0.0, X-CUBE-BLE1_V7.0.0, X-CUBE-BLE2_V3.3.0, X-CUBE-BLEMGR_V3.1.0, X-CUBE-EEPRMA1_V4.1.0, X-CUBE-EEPRMA1_V5.1.0, X-CUBE-FREERTOS_V1.1.0, X-CUBE-GNSS1_V6.0.0, X-CUBE-MEMS1_V10.0.0, X-CUBE-MEMS1_V9.1.0, X-CUBE-MEMS1_V9.4.0, X-CUBE-MEMS1_V9.6.0, X-CUBE-NFC4_V3.0.0, X-CUBE-NFC7_V1.0.1, X-CUBE-SFXS2LP1_V4.0.0, X-CUBE-SUBG2_V5.0.0, X-CUBE-TOF1_V3.4.0]
2024-06-04 09:18:00,019 [INFO] ApiDb:240 - Found 483 in-development CPN: [B-G473E-ZEST1S, B-WB1M-WPAN1, B-WL5M-SUBG1, NUCLEO-C031C6, NUCLEO-H503RB, NUCLEO-H533RE, NUCLEO-H563ZI, NUCLEO-H7S3L8, NUCLEO-U031R8, NUCLEO-U083RC, NUCLEO-U545RE-Q, NUCLEO-U5A5ZJ-Q, NUCLEO-WBA52CG, NUCLEO-WBA55CG, STEVAL-PROTEUS1, STEVAL-SMARTAG2, STEVAL-STWINBX1, STM320518-EVAL, STM32C0116-DK, STM32C011D6Y3TR, STM32C011D6Y6TR, STM32C011F4P3, STM32C011F4P6, STM32C011F4U3, STM32C011F4U6TR, STM32C011F6P3, STM32C011F6P6, STM32C011F6U3, STM32C011F6U6TR, STM32C011J4M3, STM32C011J4M6, STM32C011J6M3, STM32C011J6M6, STM32C0316-DK, STM32C031C4T3, STM32C031C4T6, STM32C031C4U3, STM32C031C4U6, STM32C031C6T3, STM32C031C6T6, STM32C031C6U3, STM32C031C6U6, STM32C031F4P3, STM32C031F4P6, STM32C031F6P3, STM32C031F6P6, STM32C031G4U3, STM32C031G4U6, STM32C031G6U3, STM32C031G6U6, STM32C031K4T3, STM32C031K4T6, STM32C031K4U3, STM32C031K4U6, STM32C031K6T3, STM32C031K6T6, STM32C031K6U3, STM32C031K6U6, STM32G071K8TXN, STM32G071K8UXN, STM32G081GBU6N, STM32G081KBT6N, STM32G081KBUXN, STM32G0B1CCT6N, STM32G0B1KCT6, STM32G0B1NEY6TR, STM32G0B1RCT6N, STM32G0C1CCT6, STM32G0C1CCT6N, STM32G0C1CCU6N, STM32G0C1CET6N, STM32G0C1CEU6N, STM32G0C1KCT6, STM32G0C1NEY6TR, STM32G0C1RCI6N, STM32G0C1RCT6N, STM32G0C1REI6N, STM32G0C1RET6N, STM32G0C1VCI6, STM32G0C1VEI6, STM32G471CCT6, STM32G471CCU6, STM32G471CET3, STM32G471CET6, STM32G471CEU3, STM32G471CEU6, STM32G471MCT6, STM32G471MET3, STM32G471MET6, STM32G471MEY6TR, STM32G471QCT6, STM32G471QET3, STM32G471RCT6, STM32G471RET3, STM32G471RET6, STM32G471VCH6, STM32G471VCI6, STM32G471VCT6, STM32G471VEH3, STM32G471VEH6, STM32G471VEI3, STM32G471VEI6, STM32G471VET3, STM32G471VET6, STM32G474CCT6, STM32H503CBT6, STM32H503CBU6, STM32H503EBY6TR, STM32H503KBU6, STM32H503RBT6, STM32H523CCT6, STM32H523CCU6, STM32H523CET6, STM32H523CEU6, STM32H523HEY6TR, STM32H523RCT6, STM32H523RET6, STM32H523VCI6, STM32H523VCT6, STM32H523VEI6, STM32H523VET6, STM32H523ZCJ6, STM32H523ZCT6, STM32H523ZEJ6, STM32H523ZET6, STM32H533CET6, STM32H533CEU6, STM32H533HEY6TR, STM32H533RET6, STM32H533VEI6, STM32H533VET6, STM32H533ZEJ6, STM32H533ZET6, STM32H562AGI6, STM32H562AII6, STM32H562IGK6, STM32H562IGT6, STM32H562IIK6, STM32H562IIT6, STM32H562RGT6, STM32H562RGV6, STM32H562RIT6, STM32H562RIV6, STM32H562VGT6, STM32H562VIT6, STM32H562ZGT6, STM32H562ZIT6, STM32H563AGI6, STM32H563AII3Q, STM32H563AII6, STM32H563IGK6, STM32H563IGT6, STM32H563IIK3Q, STM32H563IIK6, STM32H563IIT3Q, STM32H563IIT6, STM32H563MIY3QTR, STM32H563RGT6, STM32H563RGV6, STM32H563RIT6, STM32H563RIV6, STM32H563VGT6, STM32H563VIT3Q, STM32H563VIT6, STM32H563ZGT6, STM32H563ZIT3Q, STM32H563ZIT6, STM32H573AII3Q, STM32H573AII6, STM32H573I-DK, STM32H573IIK3Q, STM32H573IIK6, STM32H573IIT3Q, STM32H573IIT6, STM32H573MIY3QTR, STM32H573RIT6, STM32H573RIV6, STM32H573VIT3Q, STM32H573VIT6, STM32H573ZIT3Q, STM32H573ZIT6, STM32H7R3A8I6, STM32H7R3I8K6, STM32H7R3I8T6, STM32H7R3L8H6, STM32H7R3L8H6H, STM32H7R3R8V6, STM32H7R3V8H6, STM32H7R3V8T6, STM32H7R3V8Y6, STM32H7R3Z8J6, STM32H7R3Z8T6, STM32H7R7A8I6, STM32H7R7I8K6, STM32H7R7I8T6, STM32H7R7L8H6, STM32H7R7L8H6H, STM32H7R7Z8J6, STM32H7S3A8I6, STM32H7S3I8K6, STM32H7S3I8T6, STM32H7S3L8H6, STM32H7S3L8H6H, STM32H7S3R8V6, STM32H7S3V8H6, STM32H7S3V8T6, STM32H7S3V8Y6, STM32H7S3Z8J6, STM32H7S3Z8T6, STM32H7S78-DK, STM32H7S7A8I6, STM32H7S7I8K6, STM32H7S7I8T6, STM32H7S7L8H6, STM32H7S7L8H6H, STM32H7S7Z8J6, STM32L4R5QGI6STR, STM32MP131AAE3, STM32MP131AAF3, STM32MP131AAG3, STM32MP131CAE3, STM32MP131CAF3, STM32MP131CAG3, STM32MP131DAE7, STM32MP131DAF7, STM32MP131DAG7, STM32MP131FAE7, STM32MP131FAF7, STM32MP131FAG7, STM32MP133AAE3, STM32MP133AAF3, STM32MP133AAG3, STM32MP133CAE3, STM32MP133CAF3, STM32MP133CAG3, STM32MP133DAE7, STM32MP133DAF7, STM32MP133DAG7, STM32MP133FAE7, STM32MP133FAF7, STM32MP133FAG7, STM32MP135AAE3, STM32MP135AAF3, STM32MP135AAG3, STM32MP135CAE3, STM32MP135CAF3, STM32MP135CAG3, STM32MP135DAE7, STM32MP135DAF7, STM32MP135DAG7, STM32MP135F-DK, STM32MP135FAE7, STM32MP135FAF7, STM32MP135FAF7T, STM32MP135FAF7U, STM32MP135FAG7, STM32U031C6T6, STM32U031C6U6, STM32U031C8T6, STM32U031C8U6, STM32U031F4P6, STM32U031F6P6, STM32U031F8P6, STM32U031G6Y6TR, STM32U031G8Y6TR, STM32U031K4U6, STM32U031K6U6, STM32U031K8U6, STM32U031R6I6, STM32U031R6T6, STM32U031R8I6, STM32U031R8T6, STM32U073C8T6, STM32U073C8U6, STM32U073CBT6, STM32U073CBU6, STM32U073CCT6, STM32U073CCU6, STM32U073H8Y6TR, STM32U073HBY6TR, STM32U073HCY6TR, STM32U073K8U6, STM32U073KBU6, STM32U073KCU6, STM32U073M8I6, STM32U073M8T6, STM32U073MBI6, STM32U073MBT6, STM32U073MCI6, STM32U073MCT6, STM32U073R8I6, STM32U073R8T6, STM32U073RBI6, STM32U073RBT6, STM32U073RCI6, STM32U073RCT6, STM32U083C-DK, STM32U083CCT6, STM32U083CCU6, STM32U083HCY6TR, STM32U083KCU6, STM32U083MCI6, STM32U083MCT6, STM32U083RCI6, STM32U083RCT6, STM32U535CBT6, STM32U535CBT6Q, STM32U535CBU6, STM32U535CBU6Q, STM32U535CCT6, STM32U535CCT6Q, STM32U535CCU6, STM32U535CCU6Q, STM32U535CET6, STM32U535CET6Q, STM32U535CEU6, STM32U535CEU6Q, STM32U535JEY6QTR, STM32U535NCY6QTR, STM32U535NEY6QTR, STM32U535RBI6, STM32U535RBI6Q, STM32U535RBT6, STM32U535RBT6Q, STM32U535RCI6, STM32U535RCI6Q, STM32U535RCT6, STM32U535RCT6Q, STM32U535REI6, STM32U535REI6Q, STM32U535RET6, STM32U535RET6Q, STM32U535VCI6, STM32U535VCI6Q, STM32U535VCT6, STM32U535VCT6Q, STM32U535VEI6, STM32U535VEI6Q, STM32U535VET6, STM32U535VET6Q, STM32U545CET6, STM32U545CET6Q, STM32U545CEU6, STM32U545CEU6Q, STM32U545JEY6QTR, STM32U545NEY6QTR, STM32U545REI6, STM32U545REI6Q, STM32U545RET6, STM32U545RET6Q, STM32U545VEI6, STM32U545VEI6Q, STM32U545VET6, STM32U545VET6Q, STM32U595AIH6, STM32U595AIH6Q, STM32U595AJH6, STM32U595AJH6Q, STM32U595QII6, STM32U595QII6Q, STM32U595QJI6, STM32U595QJI6Q, STM32U595RIT6, STM32U595RIT6Q, STM32U595RJT6, STM32U595RJT6Q, STM32U595VIT6, STM32U595VIT6Q, STM32U595VJT6, STM32U595VJT6Q, STM32U595ZIT6, STM32U595ZIT6Q, STM32U595ZIY6QTR, STM32U595ZJT6, STM32U595ZJT6Q, STM32U595ZJY6QTR, STM32U599BJY6QTR, STM32U599NIH6Q, STM32U599NJH6Q, STM32U599VIT6Q, STM32U599VJT6, STM32U599VJT6Q, STM32U599ZIT6Q, STM32U599ZIY6QTR, STM32U599ZJT6Q, STM32U599ZJY6QTR, STM32U5A5AJH6, STM32U5A5AJH6Q, STM32U5A5QII3Q , STM32U5A5QJI6, STM32U5A5QJI6Q, STM32U5A5RJT6, STM32U5A5RJT6Q, STM32U5A5VJT6, STM32U5A5VJT6Q, STM32U5A5ZJT6, STM32U5A5ZJT6Q, STM32U5A5ZJY6QTR, STM32U5A9BJY6QTR, STM32U5A9J-DK, STM32U5A9NJH6Q, STM32U5A9VJT6Q, STM32U5A9ZJT6Q, STM32U5A9ZJY6QTR, STM32U5F7VIT6, STM32U5F7VIT6Q, STM32U5F7VJT6, STM32U5F7VJT6Q, STM32U5F9BJY6QTR, STM32U5F9NJH6Q, STM32U5F9VIT6Q, STM32U5F9VJT6Q, STM32U5F9ZIJ6QTR, STM32U5F9ZIT6Q, STM32U5F9ZJJ6QTR, STM32U5F9ZJT6Q, STM32U5G7VJT6, STM32U5G7VJT6Q, STM32U5G9BJY6QTR, STM32U5G9J-DK1, STM32U5G9J-DK2, STM32U5G9NJH6Q, STM32U5G9VJT6Q, STM32U5G9ZJJ6QTR, STM32U5G9ZJT6Q, STM32WB1MMCH6, STM32WBA50KEU6, STM32WBA50KEU6TR, STM32WBA50KGU6, STM32WBA50KGU6TR, STM32WBA52CEU6, STM32WBA52CEU6TR, STM32WBA52CEU7, STM32WBA52CEU7TR, STM32WBA52CGU6, STM32WBA52CGU6TR, STM32WBA52CGU6U, STM32WBA52CGU7, STM32WBA52CGU7TR, STM32WBA52KEU6, STM32WBA52KEU6TR, STM32WBA52KGU6, STM32WBA52KGU6TR, STM32WBA54CEU6, STM32WBA54CEU6TR, STM32WBA54CEU7, STM32WBA54CEU7TR, STM32WBA54CGU6, STM32WBA54CGU6TR, STM32WBA54CGU7, STM32WBA54CGU7TR, STM32WBA54KEU6, STM32WBA54KEU6TR, STM32WBA54KEU7, STM32WBA54KEU7TR, STM32WBA54KGU6, STM32WBA54KGU6TR, STM32WBA54KGU7, STM32WBA54KGU7TR, STM32WBA55CEU6, STM32WBA55CEU6TR, STM32WBA55CEU7, STM32WBA55CEU7TR, STM32WBA55CGU6, STM32WBA55CGU6TR, STM32WBA55CGU6U, STM32WBA55CGU7, STM32WBA55CGU7TR, STM32WBA55G-DK1, STM32WBA55HEF6, STM32WBA55HEF7, STM32WBA55HGF6, STM32WBA55HGF7, STM32WBA55UEI6, STM32WBA55UEI6TR, STM32WBA55UEI7, STM32WBA55UEI7TR, STM32WBA55UGI6, STM32WBA55UGI6TR, STM32WBA55UGI7, STM32WBA55UGI7TR, STM32WL5MOCH6, STM32WL5MOCH6TR]
2024-06-04 09:18:00,028 [INFO] DbMcus:218 - Found 4096 MCUs, 4096 are supported
2024-06-04 09:18:00,029 [INFO] ApiDb:423 - Load user favorites file C:\Users\nusra/.stm32cubeide/favorites.mcus.txt: 0 item(s)
2024-06-04 09:18:00,029 [INFO] ApiDb:427 - User favorites MCUs=[]
2024-06-04 09:18:00,029 [INFO] DbMcus:224 - Set 0 / 0 favorites MCUs
2024-06-04 09:18:00,488 [INFO] ApiDb:423 - Load user favorites file C:\Users\nusra/.stm32cubeide/favorites.boards.txt: 0 item(s)
2024-06-04 09:18:00,489 [INFO] ApiDb:427 - User favorites Boards=[]
2024-06-04 09:18:00,489 [INFO] DbBoards:198 - Set 0 / 0 favorites Boards
2024-06-04 09:18:00,603 [INFO] UtilMem:75 - End LoadConfig() Used Memory: 614061768 Bytes (1073741824)
2024-06-04 09:18:01,003 [WARN] ThirdParty:833 - waiting for thirdparty lock release [change project]
2024-06-04 09:18:01,003 [INFO] ThirdParty:835 - entering critical section [change project]
2024-06-04 09:18:01,003 [INFO] ThirdParty:1030 - CMSIS Pack Vendor :STMicroelectronics USBPD 4.1
2024-06-04 09:18:01,003 [INFO] ThirdParty:1030 - CMSIS Pack Vendor :STMicroelectronics X-CUBE-GNSS1 6.0.0
2024-06-04 09:18:01,003 [INFO] ThirdParty:1030 - CMSIS Pack Vendor :STMicroelectronics USB_HOST 2.0.0
2024-06-04 09:18:01,004 [INFO] ThirdParty:1030 - CMSIS Pack Vendor :STMicroelectronics FP-SNS-MOTENVWB1 1.4.0
2024-06-04 09:18:01,004 [INFO] ThirdParty:1030 - CMSIS Pack Vendor :STMicroelectronics X-CUBE-AZRTOS-F4 1.1.0
2024-06-04 09:18:01,004 [INFO] ThirdParty:1030 - CMSIS Pack Vendor :STMicroelectronics LIBJPEG 8.0.0
2024-06-04 09:18:01,004 [INFO] ThirdParty:1030 - CMSIS Pack Vendor :STMicroelectronics X-CUBE-SMBUS 2.1.0
2024-06-04 09:18:01,004 [INFO] ThirdParty:1030 - CMSIS Pack Vendor :STMicroelectronics USB_DEVICE 3.0.0
2024-06-04 09:18:01,004 [INFO] ThirdParty:1030 - CMSIS Pack Vendor :STMicroelectronics X-CUBE-TCPP 4.1.0
2024-06-04 09:18:01,004 [INFO] ThirdParty:1030 - CMSIS Pack Vendor :STMicroelectronics X-CUBE-FREERTOS 1.2.0
2024-06-04 09:18:01,004 [INFO] ThirdParty:1030 - CMSIS Pack Vendor :STMicroelectronics X-CUBE-AZRTOS-WB 2.0.0
2024-06-04 09:18:01,004 [INFO] ThirdParty:1030 - CMSIS Pack Vendor :STMicroelectronics X-CUBE-TOUCHGFX 4.23.2
2024-06-04 09:18:01,004 [INFO] ThirdParty:1030 - CMSIS Pack Vendor :STMicroelectronics X-CUBE-AZRTOS-F7 1.1.0
2024-06-04 09:18:01,004 [INFO] ThirdParty:1030 - CMSIS Pack Vendor :STMicroelectronics X-CUBE-AZRTOS-L5 2.0.0
2024-06-04 09:18:01,005 [INFO] ThirdParty:1030 - CMSIS Pack Vendor :STMicroelectronics USB_DEVICE 2.0.0
2024-06-04 09:18:01,005 [INFO] ThirdParty:1030 - CMSIS Pack Vendor :STMicroelectronics X-CUBE-NFC6 3.1.0
2024-06-04 09:18:01,005 [INFO] ThirdParty:1030 - CMSIS Pack Vendor :STMicroelectronics FreeRTOS 0.0.1
2024-06-04 09:18:01,005 [INFO] ThirdParty:1030 - CMSIS Pack Vendor :STMicroelectronics X-CUBE-AZRTOS-G0 1.1.0
2024-06-04 09:18:01,005 [INFO] ThirdParty:1030 - CMSIS Pack Vendor :STMicroelectronics X-CUBE-SAFEA1 1.2.2
2024-06-04 09:18:01,005 [INFO] ThirdParty:1030 - CMSIS Pack Vendor :STMicroelectronics X-CUBE-NFC4 3.0.0
2024-06-04 09:18:01,005 [INFO] ThirdParty:1030 - CMSIS Pack Vendor :STMicroelectronics X-CUBE-SUBG2 5.0.0
2024-06-04 09:18:01,005 [INFO] ThirdParty:1030 - CMSIS Pack Vendor :STMicroelectronics STM32_WPAN 1.0.0
2024-06-04 09:18:01,005 [INFO] ThirdParty:1030 - CMSIS Pack Vendor :wolfSSL I-CUBE-wolfMQTT 1.18.0
2024-06-04 09:18:01,005 [INFO] ThirdParty:1030 - CMSIS Pack Vendor :STMicroelectronics lwIP 2.0.3
2024-06-04 09:18:01,005 [INFO] ThirdParty:1030 - CMSIS Pack Vendor :STMicroelectronics FP-SNS-FLIGHT1 5.0.2
2024-06-04 09:18:01,005 [INFO] ThirdParty:1030 - CMSIS Pack Vendor :Cesanta I-CUBE-Mongoose 7.13.0
2024-06-04 09:18:01,006 [INFO] ThirdParty:1030 - CMSIS Pack Vendor :STMicroelectronics USB_HOST 1.0.0
2024-06-04 09:18:01,006 [INFO] ThirdParty:1030 - CMSIS Pack Vendor :STMicroelectronics X-CUBE-AI 9.0.0
2024-06-04 09:18:01,006 [INFO] ThirdParty:1030 - CMSIS Pack Vendor :STMicroelectronics X-CUBE-AZRTOS-G4 2.0.0
2024-06-04 09:18:01,006 [INFO] ThirdParty:1030 - CMSIS Pack Vendor :STMicroelectronics PDM2PCM 3.1.0
2024-06-04 09:18:01,006 [INFO] ThirdParty:1030 - CMSIS Pack Vendor :STMicroelectronics PDM2PCM 3.3.0
2024-06-04 09:18:01,006 [INFO] ThirdParty:1030 - CMSIS Pack Vendor :STMicroelectronics X-CUBE-DISPLAY 3.0.0
2024-06-04 09:18:01,006 [INFO] ThirdParty:1030 - CMSIS Pack Vendor :wolfSSL I-CUBE-wolfSSL 5.7.0
2024-06-04 09:18:01,007 [INFO] ThirdParty:1030 - CMSIS Pack Vendor :STMicroelectronics X-CUBE-BLE1 7.0.0
2024-06-04 09:18:01,007 [INFO] ThirdParty:1030 - CMSIS Pack Vendor :STMicroelectronics FP-ATR-SIGFOX1 3.2.0
2024-06-04 09:18:01,007 [INFO] ThirdParty:1030 - CMSIS Pack Vendor :STMicroelectronics X-CUBE-ISPU 2.0.0
2024-06-04 09:18:01,007 [INFO] ThirdParty:1030 - CMSIS Pack Vendor :STMicroelectronics X-CUBE-EEPRMA1 5.1.0
2024-06-04 09:18:01,007 [INFO] ThirdParty:1030 - CMSIS Pack Vendor :STMicroelectronics HAL Drivers 0.0.0
2024-06-04 09:18:01,007 [INFO] ThirdParty:1030 - CMSIS Pack Vendor :STMicroelectronics MBEDTLS 2.16.2
2024-06-04 09:18:01,007 [INFO] ThirdParty:1030 - CMSIS Pack Vendor :STMicroelectronics X-CUBE-ALS 1.0.2
2024-06-04 09:18:01,008 [INFO] ThirdParty:1030 - CMSIS Pack Vendor :emotas I-CUBE-CANOPEN 1.3.0
2024-06-04 09:18:01,008 [INFO] ThirdParty:1030 - CMSIS Pack Vendor :STMicroelectronics X-CUBE-MEMS1 10.0.0
2024-06-04 09:18:01,008 [INFO] ThirdParty:1030 - CMSIS Pack Vendor :STMicroelectronics X-CUBE-NFC7 1.0.1
2024-06-04 09:18:01,008 [INFO] ThirdParty:1030 - CMSIS Pack Vendor :STMicroelectronics MBEDTLS 2.14.1
2024-06-04 09:18:01,008 [INFO] ThirdParty:1030 - CMSIS Pack Vendor :ITTIA_DB I-CUBE-ITTIADB 8.9.0
2024-06-04 09:18:01,008 [INFO] ThirdParty:1030 - CMSIS Pack Vendor :portGmbH I-Cube-SoM-uGOAL 1.1.0
2024-06-04 09:18:01,008 [INFO] ThirdParty:1030 - CMSIS Pack Vendor :STMicroelectronics X-CUBE-BLEMGR 3.1.0
2024-06-04 09:18:01,009 [INFO] ThirdParty:1030 - CMSIS Pack Vendor :STMicroelectronics ThreadX 1.0.0
2024-06-04 09:18:01,009 [INFO] ThirdParty:1030 - CMSIS Pack Vendor :STMicroelectronics FP-SNS-SMARTAG2 1.2.0
2024-06-04 09:18:01,009 [INFO] ThirdParty:1030 - CMSIS Pack Vendor :STMicroelectronics X-CUBE-AZRTOS-WL 2.0.0
2024-06-04 09:18:01,009 [INFO] ThirdParty:1030 - CMSIS Pack Vendor :SEGGER I-CUBE-embOS 1.3.1
2024-06-04 09:18:01,009 [INFO] ThirdParty:1030 - CMSIS Pack Vendor :STMicroelectronics X-CUBE-ALGOBUILD 1.4.0
2024-06-04 09:18:01,009 [INFO] ThirdParty:1030 - CMSIS Pack Vendor :STMicroelectronics FP-SNS-MOTENV1 5.0.0
2024-06-04 09:18:01,009 [INFO] ThirdParty:1030 - CMSIS Pack Vendor :STMicroelectronics USB_DEVICE 1.0.0
2024-06-04 09:18:01,010 [INFO] ThirdParty:1030 - CMSIS Pack Vendor :STMicroelectronics X-CUBE-AZRTOS-H7RS 1.0.0
2024-06-04 09:18:01,010 [INFO] ThirdParty:1030 - CMSIS Pack Vendor :STMicroelectronics X-CUBE-AZRTOS-L4 2.0.0
2024-06-04 09:18:01,010 [INFO] ThirdParty:1030 - CMSIS Pack Vendor :STMicroelectronics ThreadX 0.0.2
2024-06-04 09:18:01,010 [INFO] ThirdParty:1030 - CMSIS Pack Vendor :WES I-CUBE-Cesium 1.3.0
2024-06-04 09:18:01,010 [INFO] ThirdParty:1030 - CMSIS Pack Vendor :STMicroelectronics FP-ATR-ASTRA1 2.0.0
2024-06-04 09:18:01,010 [INFO] ThirdParty:1030 - CMSIS Pack Vendor :STMicroelectronics lwIP 2.1.2
2024-06-04 09:18:01,010 [INFO] ThirdParty:1030 - CMSIS Pack Vendor :STMicroelectronics X-CUBE-SFXS2LP1 4.0.0
2024-06-04 09:18:01,010 [INFO] ThirdParty:1030 - CMSIS Pack Vendor :STMicroelectronics X-CUBE-BLE2 3.3.0
2024-06-04 09:18:01,011 [INFO] ThirdParty:1030 - CMSIS Pack Vendor :STMicroelectronics X-CUBE-TOF1 3.4.1
2024-06-04 09:18:01,011 [INFO] ThirdParty:1030 - CMSIS Pack Vendor :STMicroelectronics X-CUBE-AZRTOS-H7 3.2.0
2024-06-04 09:18:01,011 [INFO] ThirdParty:1030 - CMSIS Pack Vendor :Infineon AIROC-Wi-Fi-Bluetooth-STM32 1.6.0
2024-06-04 09:18:01,011 [INFO] ThirdParty:1030 - CMSIS Pack Vendor :STMicroelectronics PDM2PCM 3.2.0
2024-06-04 09:18:01,011 [INFO] ThirdParty:841 - exiting critical section [change project]
2024-06-04 09:18:01,884 [INFO] PinOutPanel:1561 - setPackage(No Configuration,No Configuration)
2024-06-04 09:18:01,887 [INFO] PinOutPanel:1561 - setPackage(STM32F103C8Tx,LQFP48)
2024-06-04 09:18:03,611 [INFO] UtilMem:75 - Before build in PCC Used Memory: 570366256 Bytes (1073741824)
2024-06-04 09:18:06,727 [INFO] UtilMem:75 - After build in PCC Used Memory: 661592368 Bytes (1073741824)
2024-06-04 09:18:06,803 [INFO] IPUIPlugin:80 - create IPUIPlugin
2024-06-04 09:18:06,803 [INFO] IPUIPlugin:80 - create IPUIPlugin
2024-06-04 09:18:06,804 [INFO] IPUIPlugin:80 - create IPUIPlugin
2024-06-04 09:18:06,805 [INFO] IPUIPlugin:80 - create IPUIPlugin
2024-06-04 09:18:06,805 [INFO] IPUIPlugin:80 - create IPUIPlugin
2024-06-04 09:18:06,805 [INFO] IPUIPlugin:80 - create IPUIPlugin
2024-06-04 09:18:06,805 [INFO] IPUIPlugin:80 - create IPUIPlugin
2024-06-04 09:18:06,808 [INFO] IPUIPlugin:80 - create IPUIPlugin
2024-06-04 09:18:06,808 [INFO] IPUIPlugin:80 - create IPUIPlugin
2024-06-04 09:18:06,809 [INFO] IPUIPlugin:80 - create IPUIPlugin
2024-06-04 09:18:06,810 [INFO] IPUIPlugin:80 - create IPUIPlugin
2024-06-04 09:18:06,810 [INFO] IPUIPlugin:80 - create IPUIPlugin
2024-06-04 09:18:06,811 [INFO] IPUIPlugin:80 - create IPUIPlugin
2024-06-04 09:18:06,816 [INFO] IPUIPlugin:80 - create IPUIPlugin
2024-06-04 09:18:06,817 [INFO] IPUIPlugin:80 - create IPUIPlugin
2024-06-04 09:18:06,817 [INFO] IPUIPlugin:80 - create IPUIPlugin
2024-06-04 09:18:06,818 [INFO] IPUIPlugin:80 - create IPUIPlugin
2024-06-04 09:18:06,818 [INFO] IPUIPlugin:80 - create IPUIPlugin
2024-06-04 09:18:06,819 [INFO] IPUIPlugin:80 - create IPUIPlugin
2024-06-04 09:18:06,822 [INFO] IPUIPlugin:80 - create IPUIPlugin
2024-06-04 09:18:06,823 [INFO] IPUIPlugin:80 - create IPUIPlugin
2024-06-04 09:18:06,823 [INFO] IPUIPlugin:80 - create IPUIPlugin
2024-06-04 09:18:06,824 [INFO] IPUIPlugin:80 - create IPUIPlugin
2024-06-04 09:18:06,825 [INFO] IPUIPlugin:80 - create IPUIPlugin
2024-06-04 09:18:06,825 [INFO] IPUIPlugin:80 - create IPUIPlugin
2024-06-04 09:18:06,826 [INFO] IPUIPlugin:80 - create IPUIPlugin
2024-06-04 09:18:06,827 [INFO] IPUIPlugin:80 - create IPUIPlugin
2024-06-04 09:18:07,258 [INFO] CADModel:165 - CPN selected for project levelSTM32F103C8T6TR
2024-06-04 09:18:07,258 [INFO] CADModel:114 - Register for checkConnection events
2024-06-04 09:18:07,321 [INFO] OpenFileManager:343 - Restore cursor
2024-06-04 09:38:08,440 [INFO] UtilMem:75 - End SaveConfig() Used Memory: 243449152 Bytes (521142272)
2024-06-04 09:38:08,597 [ERROR] ConfigurationRetriever:142 - IOException on connection: sw-center.st.com
2024-06-04 09:38:08,598 [ERROR] ConfigurationRetriever:142 - IOException on connection: sw-center.st.com
2024-06-04 09:38:08,599 [ERROR] ConfigurationRetriever:142 - IOException on connection: sw-center.st.com
2024-06-04 09:38:23,033 [ERROR] ConfigurationRetriever:142 - IOException on connection: sw-center.st.com
2024-06-04 09:38:23,034 [ERROR] ConfigurationRetriever:142 - IOException on connection: sw-center.st.com
2024-06-04 09:38:23,035 [ERROR] ConfigurationRetriever:142 - IOException on connection: sw-center.st.com
2024-06-04 09:42:01,972 [ERROR] ConfigurationRetriever:142 - IOException on connection: sw-center.st.com
2024-06-04 09:42:01,975 [ERROR] ConfigurationRetriever:142 - IOException on connection: sw-center.st.com
2024-06-04 09:42:01,976 [ERROR] ConfigurationRetriever:142 - IOException on connection: sw-center.st.com
2024-06-04 10:31:37,942 [ERROR] ConfigurationRetriever:142 - IOException on connection: sw-center.st.com
2024-06-04 10:31:37,943 [ERROR] ConfigurationRetriever:142 - IOException on connection: sw-center.st.com
2024-06-04 10:31:37,943 [ERROR] ConfigurationRetriever:142 - IOException on connection: sw-center.st.com
2024-06-04 10:31:40,004 [ERROR] LogOutputStream:75 - [STDERR_REDIRECT] 
2024-06-04 10:31:40,006 [ERROR] LogOutputStream:75 - [STDERR_REDIRECT] 
2024-06-04 22:43:03,951 [INFO] Activator:176 - 


2024-06-04 22:43:03,951 [INFO] Activator:177 - !SESSION log4j initialized
2024-06-04 22:43:20,475 [INFO] LogOutputStream:77 - [STDOUT_REDIRECT] 
2024-06-04 22:43:29,217 [INFO] ApplicationProperties:184 - Using Application install path: D:\stm32cubeIDE\STM32CubeIDE_1.15.1\STM32CubeIDE\plugins\com.st.stm32cube.common.mx_6.11.1.202404110753
2024-06-04 22:43:29,273 [INFO] DbMcusXml:78 - Set database path to: D:\stm32cubeIDE\STM32CubeIDE_1.15.1\STM32CubeIDE\plugins\com.st.stm32cube.common.mx_6.11.1.202404110753\\db\/mcu/
2024-06-04 22:43:29,273 [INFO] ApiDb:274 - Set plugin database path to: D:\stm32cubeIDE\STM32CubeIDE_1.15.1\STM32CubeIDE\plugins\com.st.stm32cube.common.mx_6.11.1.202404110753\\db\/plugins/boardmanager/
2024-06-04 22:43:29,274 [WARN] ApiDb:259 - Overriding images path with different value:  => D:\stm32cubeIDE\STM32CubeIDE_1.15.1\STM32CubeIDE\plugins\com.st.stm32cube.common.mx_6.11.1.202404110753\\db\/plugins/mcufinder/images/
2024-06-04 22:43:29,359 [INFO] ApiDb:250 - Set database path to: C:\Users\nusra\.stmcufinder\plugins\mcufinder//mcu/
2024-06-04 22:43:29,361 [INFO] DbMcusAds:125 - Set database path to: C:\Users\nusra\.stmcufinder\plugins\mcufinder//mcu/
2024-06-04 22:43:29,367 [INFO] CrossReferenceDbSqlite:203 - Set database path to: C:\Users\nusra\.stmcufinder\plugins\mcufinder//mcu/cs/
2024-06-04 22:43:29,786 [INFO] RulesReader:64 - Compatibility file has been processed (297 Rules)
2024-06-04 22:43:30,126 [INFO] DbMcusXml:78 - Set database path to: D:\stm32cubeIDE\STM32CubeIDE_1.15.1\STM32CubeIDE\plugins\com.st.stm32cube.common.mx_6.11.1.202404110753\\db\/mcu/
2024-06-04 22:43:30,126 [INFO] ApiDb:274 - Set plugin database path to: D:\stm32cubeIDE\STM32CubeIDE_1.15.1\STM32CubeIDE\plugins\com.st.stm32cube.common.mx_6.11.1.202404110753\\db\/plugins/boardmanager/
2024-06-04 22:43:30,126 [INFO] ApiDb:261 - Set plugin images path to: D:\stm32cubeIDE\STM32CubeIDE_1.15.1\STM32CubeIDE\plugins\com.st.stm32cube.common.mx_6.11.1.202404110753\\db\/plugins/mcufinder/images/
2024-06-04 22:43:30,126 [WARN] DbFile:41 - Overriding database path with different value: C:\Users\nusra\.stmcufinder\plugins\mcufinder/ => C:\Users\nusra\.stmcufinder\plugins\mcufinder
2024-06-04 22:43:30,127 [INFO] ApiDb:250 - Set database path to: C:\Users\nusra\.stmcufinder\plugins\mcufinder//mcu/
2024-06-04 22:43:30,127 [WARN] DbFile:41 - Overriding database path with different value: C:\Users\nusra\.stmcufinder\plugins\mcufinder/ => C:\Users\nusra\.stmcufinder\plugins\mcufinder
2024-06-04 22:43:30,127 [INFO] DbMcusAds:125 - Set database path to: C:\Users\nusra\.stmcufinder\plugins\mcufinder//mcu/
2024-06-04 22:43:30,127 [WARN] DbFile:41 - Overriding database path with different value: C:\Users\nusra\.stmcufinder\plugins\mcufinder/ => C:\Users\nusra\.stmcufinder\plugins\mcufinder
2024-06-04 22:43:30,127 [WARN] DbFile:41 - Overriding database path with different value: C:\Users\nusra\.stmcufinder\plugins\mcufinder/ => C:\Users\nusra\.stmcufinder\plugins\mcufinder
2024-06-04 22:43:30,127 [INFO] CrossReferenceDbSqlite:203 - Set database path to: C:\Users\nusra\.stmcufinder\plugins\mcufinder//mcu/cs/
2024-06-04 22:43:30,316 [INFO] MainPanel:264 - HeapMemory: 268435456
2024-06-04 22:43:30,530 [INFO] DbMcusXml:78 - Set database path to: D:\stm32cubeIDE\STM32CubeIDE_1.15.1\STM32CubeIDE\plugins\com.st.stm32cube.common.mx_6.11.1.202404110753\\db\/mcu/
2024-06-04 22:43:30,531 [INFO] ApiDb:274 - Set plugin database path to: D:\stm32cubeIDE\STM32CubeIDE_1.15.1\STM32CubeIDE\plugins\com.st.stm32cube.common.mx_6.11.1.202404110753\\db\/plugins/boardmanager/
2024-06-04 22:43:30,531 [INFO] ApiDb:261 - Set plugin images path to: D:\stm32cubeIDE\STM32CubeIDE_1.15.1\STM32CubeIDE\plugins\com.st.stm32cube.common.mx_6.11.1.202404110753\\db\/plugins/mcufinder/images/
2024-06-04 22:43:30,532 [WARN] DbFile:41 - Overriding database path with different value: C:\Users\nusra\.stmcufinder\plugins\mcufinder/ => C:\Users\nusra\.stmcufinder\plugins\mcufinder
2024-06-04 22:43:30,532 [INFO] ApiDb:250 - Set database path to: C:\Users\nusra\.stmcufinder\plugins\mcufinder//mcu/
2024-06-04 22:43:30,532 [WARN] DbFile:41 - Overriding database path with different value: C:\Users\nusra\.stmcufinder\plugins\mcufinder/ => C:\Users\nusra\.stmcufinder\plugins\mcufinder
2024-06-04 22:43:30,532 [INFO] DbMcusAds:125 - Set database path to: C:\Users\nusra\.stmcufinder\plugins\mcufinder//mcu/
2024-06-04 22:43:30,533 [WARN] DbFile:41 - Overriding database path with different value: C:\Users\nusra\.stmcufinder\plugins\mcufinder/ => C:\Users\nusra\.stmcufinder\plugins\mcufinder
2024-06-04 22:43:30,533 [WARN] DbFile:41 - Overriding database path with different value: C:\Users\nusra\.stmcufinder\plugins\mcufinder/ => C:\Users\nusra\.stmcufinder\plugins\mcufinder
2024-06-04 22:43:30,533 [INFO] CrossReferenceDbSqlite:203 - Set database path to: C:\Users\nusra\.stmcufinder\plugins\mcufinder//mcu/cs/
2024-06-04 22:43:30,563 [INFO] ApplicationProperties:184 - Using Application install path: D:\stm32cubeIDE\STM32CubeIDE_1.15.1\STM32CubeIDE\plugins\com.st.stm32cube.common.mx_6.11.1.202404110753
2024-06-04 22:43:30,565 [INFO] PluginManage:196 - Search for loadable plugins [exclusion list=, ]
2024-06-04 22:43:30,569 [INFO] PluginManage:310 - Check plugin analytics
2024-06-04 22:43:35,609 [INFO] AnalyticsPlugin:253 - Accepted Software Licenses: 
2024-06-04 22:43:35,609 [INFO] AnalyticsPlugin:255 - Accepted CMSIS Pack Licenses: 
2024-06-04 22:43:35,609 [INFO] AnalyticsPlugin:257 - Accepted Firmware Licenses: 
2024-06-04 22:43:35,613 [INFO] PluginManage:359 - Loaded plugin analytics (category:tool,tabindex:-1)
2024-06-04 22:43:35,614 [INFO] PluginManage:310 - Check plugin cadmodel
2024-06-04 22:43:35,651 [INFO] CADModel:105 - Init CAD model plugin
2024-06-04 22:43:35,652 [INFO] PluginManage:359 - Loaded plugin cadmodel (category:power,tabindex:5)
2024-06-04 22:43:35,652 [INFO] PluginManage:310 - Check plugin clock
2024-06-04 22:43:35,689 [INFO] PluginManage:359 - Loaded plugin clock (category:base,tabindex:2)
2024-06-04 22:43:35,690 [INFO] PluginManage:310 - Check plugin ddr
2024-06-04 22:43:35,705 [INFO] PluginManage:359 - Loaded plugin ddr (category:tool,tabindex:6)
2024-06-04 22:43:35,706 [INFO] PluginManage:310 - Check plugin filemanager
2024-06-04 22:43:35,973 [INFO] PluginManage:359 - Loaded plugin filemanager (category:base,tabindex:10)
2024-06-04 22:43:35,974 [INFO] PluginManage:310 - Check plugin ipmanager
2024-06-04 22:43:35,985 [INFO] PluginManage:359 - Loaded plugin ipmanager (category:base,tabindex:5)
2024-06-04 22:43:35,986 [INFO] PluginManage:310 - Check plugin lpbam
2024-06-04 22:43:36,009 [INFO] PluginManage:359 - Loaded plugin lpbam (category:base,tabindex:0)
2024-06-04 22:43:36,009 [INFO] PluginManage:310 - Check plugin memorymap
2024-06-04 22:43:36,072 [INFO] PluginManage:359 - Loaded plugin memorymap (category:base,tabindex:4)
2024-06-04 22:43:36,073 [INFO] PluginManage:310 - Check plugin pinoutandconfiguration
2024-06-04 22:43:36,095 [INFO] PluginManage:359 - Loaded plugin pinoutandconfiguration (category:base,tabindex:1)
2024-06-04 22:43:36,096 [INFO] PluginManage:310 - Check plugin pinoutconfig
2024-06-04 22:43:36,270 [WARN] SupportedApi:132 - Cannot load RTOS API schema: s4s-elt-must-match.1: The content of 'definitions' must match (annotation?, (simpleType | complexType)?, (unique | key | keyref)*)). A problem was found starting at: attribute.
2024-06-04 22:43:36,510 [INFO] PluginManage:359 - Loaded plugin pinoutconfig (category:base,tabindex:0)
2024-06-04 22:43:36,510 [INFO] PluginManage:310 - Check plugin power
2024-06-04 22:43:36,602 [INFO] PluginManage:359 - Loaded plugin power (category:power,tabindex:4)
2024-06-04 22:43:36,602 [INFO] PluginManage:310 - Check plugin projectmanager
2024-06-04 22:43:36,628 [INFO] PluginManage:359 - Loaded plugin projectmanager (category:projectmanager,tabindex:3)
2024-06-04 22:43:36,629 [INFO] PluginManage:310 - Check plugin thirdparty
2024-06-04 22:43:37,200 [INFO] PluginManage:359 - Loaded plugin thirdparty (category:base,tabindex:-1)
2024-06-04 22:43:37,200 [INFO] PluginManage:310 - Check plugin tools
2024-06-04 22:43:37,200 [WARN] IntegrityCheckThread:84 - waiting for thirdparty lock release [integrity check]
2024-06-04 22:43:37,200 [INFO] IntegrityCheckThread:86 - entering critical section [integrity check]
2024-06-04 22:43:37,201 [INFO] ThirdPartyUpdaterWithRetryManager:70 - Updater plugin not ready yet. [1/15]
2024-06-04 22:43:37,256 [INFO] PluginManage:359 - Loaded plugin tools (category:base,tabindex:7)
2024-06-04 22:43:37,256 [INFO] PluginManage:310 - Check plugin tutovideos
2024-06-04 22:43:37,673 [INFO] PluginManage:359 - Loaded plugin tutovideos (category:base,tabindex:-1)
2024-06-04 22:43:37,673 [INFO] PluginManage:310 - Check plugin updater
2024-06-04 22:43:37,717 [INFO] PluginManage:359 - Loaded plugin updater (category:base,tabindex:12)
2024-06-04 22:43:37,718 [INFO] PluginManage:310 - Check plugin userauth
2024-06-04 22:43:37,733 [INFO] UserAuth:114 - Init User Auth plugin
2024-06-04 22:43:37,733 [INFO] PluginManage:359 - Loaded plugin userauth (category:base,tabindex:14)
2024-06-04 22:43:37,734 [INFO] PluginManage:283 - PluginManage : Loaded plugins [17]
2024-06-04 22:43:38,296 [INFO] PinOutPanel:1561 - setPackage(No Configuration,No Configuration)
2024-06-04 22:43:38,431 [INFO] CADModel:165 - CPN selected for project level
2024-06-04 22:43:38,432 [INFO] CADModel:114 - Register for checkConnection events
2024-06-04 22:43:38,475 [INFO] IPUIPlugin:80 - create IPUIPlugin
2024-06-04 22:43:38,475 [INFO] PluginManager:220 - loadIPPluginJar : add adc
2024-06-04 22:43:38,524 [INFO] IPUIPlugin:80 - create IPUIPlugin
2024-06-04 22:43:38,524 [INFO] PluginManager:220 - loadIPPluginJar : add aes
2024-06-04 22:43:38,594 [INFO] IPUIPlugin:80 - create IPUIPlugin
2024-06-04 22:43:38,594 [INFO] PluginManager:220 - loadIPPluginJar : add can
2024-06-04 22:43:38,626 [INFO] IPUIPlugin:80 - create IPUIPlugin
2024-06-04 22:43:38,626 [INFO] PluginManager:220 - loadIPPluginJar : add comp
2024-06-04 22:43:38,675 [INFO] IPUIPlugin:80 - create IPUIPlugin
2024-06-04 22:43:38,675 [INFO] PluginManager:220 - loadIPPluginJar : add cryp
2024-06-04 22:43:38,716 [INFO] IPUIPlugin:80 - create IPUIPlugin
2024-06-04 22:43:38,717 [INFO] PluginManager:220 - loadIPPluginJar : add dfsdm
2024-06-04 22:43:38,735 [INFO] IPUIPlugin:80 - create IPUIPlugin
2024-06-04 22:43:38,736 [INFO] PluginManager:220 - loadIPPluginJar : add dma
2024-06-04 22:43:38,814 [INFO] IPUIPlugin:80 - create IPUIPlugin
2024-06-04 22:43:38,814 [INFO] PluginManager:220 - loadIPPluginJar : add dma3
2024-06-04 22:43:38,877 [INFO] IPUIPlugin:80 - create IPUIPlugin
2024-06-04 22:43:38,877 [INFO] PluginManager:220 - loadIPPluginJar : add extmemmanager
2024-06-04 22:43:38,906 [INFO] IPUIPlugin:80 - create IPUIPlugin
2024-06-04 22:43:38,906 [INFO] PluginManager:220 - loadIPPluginJar : add fatfs
2024-06-04 22:43:38,974 [INFO] IPUIPlugin:80 - create IPUIPlugin
2024-06-04 22:43:38,975 [INFO] PluginManager:220 - loadIPPluginJar : add fmc
2024-06-04 22:43:38,995 [INFO] IPUIPlugin:80 - create IPUIPlugin
2024-06-04 22:43:38,995 [INFO] PluginManager:220 - loadIPPluginJar : add freertos
2024-06-04 22:43:39,025 [INFO] IPUIPlugin:80 - create IPUIPlugin
2024-06-04 22:43:39,025 [INFO] PluginManager:220 - loadIPPluginJar : add genericplugin
2024-06-04 22:43:39,166 [INFO] IPUIPlugin:80 - create IPUIPlugin
2024-06-04 22:43:39,167 [INFO] PluginManager:220 - loadIPPluginJar : add gfxmmu
2024-06-04 22:43:39,380 [INFO] IPUIPlugin:80 - create IPUIPlugin
2024-06-04 22:43:39,380 [INFO] PluginManager:220 - loadIPPluginJar : add gic
2024-06-04 22:43:39,407 [INFO] IPUIPlugin:80 - create IPUIPlugin
2024-06-04 22:43:39,408 [INFO] PluginManager:220 - loadIPPluginJar : add gpio
2024-06-04 22:43:39,538 [INFO] IPUIPlugin:80 - create IPUIPlugin
2024-06-04 22:43:39,538 [INFO] PluginManager:220 - loadIPPluginJar : add gtzc
2024-06-04 22:43:39,584 [INFO] IPUIPlugin:80 - create IPUIPlugin
2024-06-04 22:43:39,584 [INFO] PluginManager:220 - loadIPPluginJar : add hash
2024-06-04 22:43:39,678 [INFO] IPUIPlugin:80 - create IPUIPlugin
2024-06-04 22:43:39,678 [INFO] PluginManager:220 - loadIPPluginJar : add i2c
2024-06-04 22:43:39,735 [INFO] IPUIPlugin:80 - create IPUIPlugin
2024-06-04 22:43:39,736 [INFO] PluginManager:220 - loadIPPluginJar : add i2s
2024-06-04 22:43:39,794 [INFO] IPUIPlugin:80 - create IPUIPlugin
2024-06-04 22:43:39,794 [INFO] PluginManager:220 - loadIPPluginJar : add i3c
2024-06-04 22:43:39,953 [INFO] IPUIPlugin:80 - create IPUIPlugin
2024-06-04 22:43:39,953 [INFO] PluginManager:220 - loadIPPluginJar : add ipddr
2024-06-04 22:43:40,092 [INFO] IPUIPlugin:80 - create IPUIPlugin
2024-06-04 22:43:40,093 [INFO] PluginManager:220 - loadIPPluginJar : add linkedlist
2024-06-04 22:43:40,146 [INFO] IPUIPlugin:80 - create IPUIPlugin
2024-06-04 22:43:40,146 [INFO] PluginManager:220 - loadIPPluginJar : add lorawan
2024-06-04 22:43:40,197 [INFO] IPUIPlugin:80 - create IPUIPlugin
2024-06-04 22:43:40,198 [INFO] PluginManager:220 - loadIPPluginJar : add ltdc
2024-06-04 22:43:40,202 [INFO] ThirdPartyUpdaterWithRetryManager:70 - Updater plugin not ready yet. [2/15]
2024-06-04 22:43:40,219 [INFO] IPUIPlugin:80 - create IPUIPlugin
2024-06-04 22:43:40,219 [INFO] PluginManager:220 - loadIPPluginJar : add mdma
2024-06-04 22:43:40,243 [INFO] IPUIPlugin:80 - create IPUIPlugin
2024-06-04 22:43:40,243 [INFO] PluginManager:220 - loadIPPluginJar : add nvic
2024-06-04 22:43:40,302 [INFO] IPUIPlugin:80 - create IPUIPlugin
2024-06-04 22:43:40,302 [INFO] PluginManager:220 - loadIPPluginJar : add opamp
2024-06-04 22:43:40,391 [INFO] IPUIPlugin:80 - create IPUIPlugin
2024-06-04 22:43:40,391 [INFO] PluginManager:220 - loadIPPluginJar : add openamp
2024-06-04 22:43:40,465 [INFO] IPUIPlugin:80 - create IPUIPlugin
2024-06-04 22:43:40,466 [INFO] PluginManager:220 - loadIPPluginJar : add pdm2pcm
2024-06-04 22:43:40,486 [INFO] IPUIPlugin:80 - create IPUIPlugin
2024-06-04 22:43:40,490 [INFO] PluginManager:220 - loadIPPluginJar : add plateformsettings
2024-06-04 22:43:40,522 [INFO] IPUIPlugin:80 - create IPUIPlugin
2024-06-04 22:43:40,523 [INFO] PluginManager:220 - loadIPPluginJar : add quadspi
2024-06-04 22:43:40,540 [INFO] IPUIPlugin:80 - create IPUIPlugin
2024-06-04 22:43:40,540 [INFO] PluginManager:220 - loadIPPluginJar : add resmgrutility
2024-06-04 22:43:40,609 [INFO] IPUIPlugin:80 - create IPUIPlugin
2024-06-04 22:43:40,610 [INFO] PluginManager:220 - loadIPPluginJar : add sai
2024-06-04 22:43:40,662 [INFO] IPUIPlugin:80 - create IPUIPlugin
2024-06-04 22:43:40,662 [INFO] PluginManager:220 - loadIPPluginJar : add spi
2024-06-04 22:43:40,759 [INFO] IPUIPlugin:80 - create IPUIPlugin
2024-06-04 22:43:40,759 [INFO] PluginManager:220 - loadIPPluginJar : add stm32_wpan
2024-06-04 22:43:40,792 [INFO] IPUIPlugin:80 - create IPUIPlugin
2024-06-04 22:43:40,793 [INFO] PluginManager:220 - loadIPPluginJar : add tim
2024-06-04 22:43:40,896 [INFO] IPUIPlugin:80 - create IPUIPlugin
2024-06-04 22:43:40,896 [INFO] PluginManager:220 - loadIPPluginJar : add touchsensing
2024-06-04 22:43:40,930 [INFO] IPUIPlugin:80 - create IPUIPlugin
2024-06-04 22:43:40,930 [INFO] PluginManager:220 - loadIPPluginJar : add tracer_emb
2024-06-04 22:43:40,966 [INFO] IPUIPlugin:80 - create IPUIPlugin
2024-06-04 22:43:40,966 [INFO] PluginManager:220 - loadIPPluginJar : add ts
2024-06-04 22:43:40,998 [INFO] IPUIPlugin:80 - create IPUIPlugin
2024-06-04 22:43:40,999 [INFO] PluginManager:220 - loadIPPluginJar : add tsc
2024-06-04 22:43:41,028 [INFO] IPUIPlugin:80 - create IPUIPlugin
2024-06-04 22:43:41,028 [INFO] PluginManager:220 - loadIPPluginJar : add ucpd
2024-06-04 22:43:41,093 [INFO] IPUIPlugin:80 - create IPUIPlugin
2024-06-04 22:43:41,093 [INFO] PluginManager:220 - loadIPPluginJar : add usart
2024-06-04 22:43:41,160 [INFO] IPUIPlugin:80 - create IPUIPlugin
2024-06-04 22:43:41,160 [INFO] PluginManager:220 - loadIPPluginJar : add usbx
2024-06-04 22:43:41,345 [INFO] CADModel:165 - CPN selected for project level
2024-06-04 22:43:41,345 [INFO] CADModel:114 - Register for checkConnection events
2024-06-04 22:43:41,346 [FATAL] Updater:308 - Updater called before beeing initialized
2024-06-04 22:43:41,346 [ERROR] CADModel:125 - Updater not yet initialized, retry later 
2024-06-04 22:43:41,698 [INFO] CADModel:165 - CPN selected for project level
2024-06-04 22:43:41,698 [INFO] CADModel:114 - Register for checkConnection events
2024-06-04 22:43:41,698 [FATAL] Updater:308 - Updater called before beeing initialized
2024-06-04 22:43:41,698 [ERROR] CADModel:125 - Updater not yet initialized, retry later 
2024-06-04 22:43:41,709 [FATAL] Updater:308 - Updater called before beeing initialized
2024-06-04 22:43:41,916 [FATAL] Updater:308 - Updater called before beeing initialized
2024-06-04 22:43:41,934 [INFO] DbMcusAds:53 - JSON generation date=Thu May 16 15:22:01 BDT 2024 (1715851321456)
2024-06-04 22:43:41,935 [FATAL] Updater:308 - Updater called before beeing initialized
2024-06-04 22:43:42,142 [WARN] DetailPanel:346 - Failed to get advertising image, set to default
2024-06-04 22:43:42,299 [FATAL] Updater:308 - Updater called before beeing initialized
2024-06-04 22:43:42,303 [FATAL] Updater:308 - Updater called before beeing initialized
2024-06-04 22:43:42,303 [FATAL] Updater:308 - Updater called before beeing initialized
2024-06-04 22:43:42,303 [WARN] DetailPanel:346 - Failed to get advertising image, set to default
2024-06-04 22:43:42,305 [FATAL] Updater:308 - Updater called before beeing initialized
2024-06-04 22:43:42,492 [ERROR] Updater:1120 - MainUpdater not yet initialized. External WinMGr cannot be set.
2024-06-04 22:43:42,518 [INFO] Updater:1056 - Updater Version found : 6.11.1
2024-06-04 22:43:42,562 [INFO] ApplicationProperties:184 - Using Application install path: D:\stm32cubeIDE\STM32CubeIDE_1.15.1\STM32CubeIDE\plugins\com.st.stm32cube.common.mx_6.11.1.202404110753
2024-06-04 22:43:43,203 [INFO] ThirdPartyUpdaterWithRetryManager:70 - Updater plugin not ready yet. [3/15]
2024-06-04 22:43:44,204 [ERROR] LogOutputStream:75 - [STDERR_REDIRECT] Jun 04, 2024 10:43:44 PM java.util.prefs.WindowsPreferences <init>
2024-06-04 22:43:44,212 [ERROR] LogOutputStream:75 - [STDERR_REDIRECT] WARNING: Could not open/create prefs root node Software\JavaSoft\Prefs at root 0xffffffff80000002. Windows RegCreateKeyEx(...) returned error code 5.
2024-06-04 22:43:44,212 [ERROR] LogOutputStream:75 - [STDERR_REDIRECT] 
2024-06-04 22:43:45,050 [INFO] MainUpdater:2873 - connection check result : 10
2024-06-04 22:43:45,052 [INFO] MainUpdater:290 - Updater Check For Update Now.
2024-06-04 22:43:45,053 [INFO] MicroXplorer:498 - Change Database Version : DB.6.0.111
2024-06-04 22:43:45,114 [INFO] McuFinderGlobals:63 - Set McuFinder mode to 2 (CubeIDE integrated)
2024-06-04 22:43:45,200 [INFO] UserAuth:415 - Internet connection configuration mode: 1
2024-06-04 22:43:45,338 [INFO] JxBrowserEngine:152 - Initiate JxBrowser Engine with user profile folder
2024-06-04 22:43:45,421 [INFO] CheckServerUpdateThread:120 - End of CheckServer Thread
2024-06-04 22:43:46,634 [WARN] PackLoader:240 - Cannot read IP mode file for STMicroelectronics.FP-SNS-MOTENVWB1.1.4.0
2024-06-04 22:43:46,671 [WARN] PackLoader:240 - Cannot read IP mode file for STMicroelectronics.X-CUBE-SMBUS.2.1.0
2024-06-04 22:43:46,698 [WARN] PackLoader:240 - Cannot read IP mode file for STMicroelectronics.X-CUBE-TOUCHGFX.4.23.2
2024-06-04 22:43:46,817 [WARN] PackLoader:240 - Cannot read IP mode file for STMicroelectronics.X-CUBE-AZRTOS-F7.1.1.0
2024-06-04 22:43:46,871 [WARN] PackLoader:240 - Cannot read IP mode file for STMicroelectronics.FP-SNS-FLIGHT1.5.0.2
2024-06-04 22:43:46,913 [WARN] PackLoader:240 - Cannot read IP mode file for STMicroelectronics.X-CUBE-DISPLAY.3.0.0
2024-06-04 22:43:46,969 [WARN] PackLoader:240 - Cannot read IP mode file for STMicroelectronics.X-CUBE-BLE1.7.0.0
2024-06-04 22:43:47,006 [WARN] PackLoader:240 - Cannot read IP mode file for emotas.I-CUBE-CANOPEN.1.3.0
2024-06-04 22:43:47,043 [WARN] PackLoader:240 - Cannot read IP mode file for STMicroelectronics.X-CUBE-BLEMGR.3.1.0
2024-06-04 22:43:47,085 [WARN] PackLoader:240 - Cannot read IP mode file for STMicroelectronics.FP-SNS-SMARTAG2.1.2.0
2024-06-04 22:43:47,144 [INFO] LogOutputStream:77 - [STDOUT_REDIRECT] 1 : Invalid condition id : UX_CORESTACK_Condition cause : null
2024-06-04 22:43:47,147 [INFO] LogOutputStream:77 - [STDOUT_REDIRECT] 1 : Invalid condition id : UX_CORESTACK_Condition cause : null
2024-06-04 22:43:47,150 [INFO] LogOutputStream:77 - [STDOUT_REDIRECT] 1 : Invalid condition id : UX_CORESTACK_Condition cause : null
2024-06-04 22:43:47,153 [INFO] LogOutputStream:77 - [STDOUT_REDIRECT] 1 : Invalid condition id : UX_CORESTACK_Condition cause : null
2024-06-04 22:43:47,156 [INFO] LogOutputStream:77 - [STDOUT_REDIRECT] 1 : Invalid condition id : UX_CORESTACK_Condition cause : null
2024-06-04 22:43:47,184 [WARN] PackLoader:240 - Cannot read IP mode file for STMicroelectronics.X-CUBE-AZRTOS-WL.2.0.0
2024-06-04 22:43:47,216 [WARN] PackLoader:240 - Cannot read IP mode file for STMicroelectronics.FP-SNS-MOTENV1.5.0.0
2024-06-04 22:43:47,251 [WARN] PackLoader:240 - Cannot read IP mode file for WES.I-CUBE-Cesium.1.3.0
2024-06-04 22:43:47,281 [WARN] PackLoader:240 - Cannot read IP mode file for STMicroelectronics.X-CUBE-BLE2.3.3.0
2024-06-04 22:43:47,337 [WARN] PackLoader:240 - Cannot read IP mode file for STMicroelectronics.X-CUBE-TCPP.4.1.0
2024-06-04 22:43:47,417 [WARN] PackLoader:240 - Cannot read IP mode file for STMicroelectronics.X-CUBE-AZRTOS-G0.1.1.0
2024-06-04 22:43:47,466 [WARN] PackLoader:240 - Cannot read IP mode file for STMicroelectronics.X-CUBE-SAFEA1.1.2.2
2024-06-04 22:43:47,486 [WARN] PackLoader:240 - Cannot read IP mode file for STMicroelectronics.X-CUBE-NFC4.3.0.0
2024-06-04 22:43:47,512 [WARN] PackLoader:240 - Cannot read IP mode file for wolfSSL.I-CUBE-wolfMQTT.1.18.0
2024-06-04 22:43:47,533 [WARN] PackLoader:240 - Cannot read IP mode file for wolfSSL.I-CUBE-wolfSSL.5.7.0
2024-06-04 22:43:47,553 [WARN] PackLoader:240 - Cannot read IP mode file for STMicroelectronics.FP-ATR-SIGFOX1.3.2.0
2024-06-04 22:43:47,584 [WARN] PackLoader:240 - Cannot read IP mode file for STMicroelectronics.X-CUBE-EEPRMA1.5.1.0
2024-06-04 22:43:47,619 [WARN] PackLoader:240 - Cannot read IP mode file for ITTIA_DB.I-CUBE-ITTIADB.8.9.0
2024-06-04 22:43:47,725 [WARN] PackLoader:240 - Cannot read IP mode file for SEGGER.I-CUBE-embOS.1.3.1
2024-06-04 22:43:47,879 [WARN] PackLoader:240 - Cannot read IP mode file for STMicroelectronics.X-CUBE-ALGOBUILD.1.4.0
2024-06-04 22:43:47,908 [WARN] PackLoader:240 - Cannot read IP mode file for STMicroelectronics.X-CUBE-GNSS1.6.0.0
2024-06-04 22:43:47,966 [WARN] PackLoader:240 - Cannot read IP mode file for STMicroelectronics.X-CUBE-AZRTOS-F4.1.1.0
2024-06-04 22:43:48,000 [WARN] PackLoader:240 - Cannot read IP mode file for STMicroelectronics.X-CUBE-FREERTOS.1.2.0
2024-06-04 22:43:48,065 [WARN] PackLoader:240 - Cannot read IP mode file for STMicroelectronics.X-CUBE-AZRTOS-L5.2.0.0
2024-06-04 22:43:48,132 [WARN] PackLoader:240 - Cannot read IP mode file for STMicroelectronics.X-CUBE-NFC6.3.1.0
2024-06-04 22:43:48,167 [WARN] PackLoader:240 - Cannot read IP mode file for STMicroelectronics.X-CUBE-AI.9.0.0
2024-06-04 22:43:48,195 [WARN] PackLoader:240 - Cannot read IP mode file for STMicroelectronics.X-CUBE-NFC7.1.0.1
2024-06-04 22:43:48,263 [WARN] ConditionMgr:438 - getConditionDescription Invalid condition id : LAN8742 Phy interface Condition cause : null
2024-06-04 22:43:48,264 [WARN] PackLoader:240 - Cannot read IP mode file for STMicroelectronics.X-CUBE-AZRTOS-L4.2.0.0
2024-06-04 22:43:48,268 [WARN] ConditionMgr:1039 - genDependencies : Invalid condition id : LAN8742 Phy interface Condition cause : null
2024-06-04 22:43:48,269 [WARN] ConditionMgr:1039 - genDependencies : Invalid condition id : LAN8742 Phy interface Condition cause : null
2024-06-04 22:43:48,270 [WARN] ConditionMgr:1039 - genDependencies : Invalid condition id : LAN8742 Phy interface Condition cause : null
2024-06-04 22:43:48,305 [WARN] PackLoader:240 - Cannot read IP mode file for STMicroelectronics.X-CUBE-SFXS2LP1.4.0.0
2024-06-04 22:43:48,361 [WARN] ConditionMgr:438 - getConditionDescription Invalid condition id : UX DEVICE CLASS RTOS Condition cause : null
2024-06-04 22:43:48,362 [WARN] ConditionMgr:438 - getConditionDescription Invalid condition id : UX DEVICE CLASS RTOS Condition cause : null
2024-06-04 22:43:48,367 [WARN] PackLoader:240 - Cannot read IP mode file for STMicroelectronics.X-CUBE-AZRTOS-WB.2.0.0
2024-06-04 22:43:48,368 [WARN] ConditionMgr:1039 - genDependencies : Invalid condition id : UX DEVICE CLASS RTOS Condition cause : null
2024-06-04 22:43:48,369 [WARN] ConditionMgr:1039 - genDependencies : Invalid condition id : UX DEVICE CLASS RTOS Condition cause : null
2024-06-04 22:43:48,370 [WARN] ConditionMgr:1039 - genDependencies : Invalid condition id : UX DEVICE CLASS RTOS Condition cause : null
2024-06-04 22:43:48,370 [WARN] ConditionMgr:1039 - genDependencies : Invalid condition id : UX DEVICE CLASS RTOS Condition cause : null
2024-06-04 22:43:48,370 [WARN] ConditionMgr:1039 - genDependencies : Invalid condition id : UX DEVICE CLASS RTOS Condition cause : null
2024-06-04 22:43:48,410 [WARN] PackLoader:240 - Cannot read IP mode file for STMicroelectronics.X-CUBE-SUBG2.5.0.0
2024-06-04 22:43:48,448 [WARN] PackLoader:240 - Cannot read IP mode file for Cesanta.I-CUBE-Mongoose.7.13.0
2024-06-04 22:43:48,509 [WARN] PackLoader:240 - Cannot read IP mode file for STMicroelectronics.X-CUBE-AZRTOS-G4.2.0.0
2024-06-04 22:43:48,537 [WARN] PackLoader:240 - Cannot read IP mode file for STMicroelectronics.X-CUBE-ISPU.2.0.0
2024-06-04 22:43:48,560 [WARN] PackLoader:240 - Cannot read IP mode file for STMicroelectronics.X-CUBE-ALS.1.0.2
2024-06-04 22:43:48,706 [WARN] PackLoader:240 - Cannot read IP mode file for STMicroelectronics.X-CUBE-MEMS1.10.0.0
2024-06-04 22:43:49,006 [WARN] PackLoader:240 - Cannot read IP mode file for portGmbH.I-Cube-SoM-uGOAL.1.1.0
2024-06-04 22:43:49,122 [WARN] PackLoader:240 - Cannot read IP mode file for STMicroelectronics.X-CUBE-AZRTOS-H7RS.1.0.0
2024-06-04 22:43:49,318 [WARN] PackLoader:240 - Cannot read IP mode file for STMicroelectronics.FP-ATR-ASTRA1.2.0.0
2024-06-04 22:43:49,439 [WARN] PackLoader:240 - Cannot read IP mode file for STMicroelectronics.X-CUBE-TOF1.3.4.1
2024-06-04 22:43:49,630 [WARN] PackLoader:240 - Cannot read IP mode file for STMicroelectronics.X-CUBE-AZRTOS-H7.3.2.0
2024-06-04 22:43:49,688 [WARN] PackLoader:240 - Cannot read IP mode file for Infineon.AIROC-Wi-Fi-Bluetooth-STM32.1.6.0
2024-06-04 22:43:49,714 [INFO] ThirdParty:978 - Integrity check success = true
2024-06-04 22:43:49,725 [INFO] IntegrityCheckThread:100 - exiting critical section [integrity check]
2024-06-04 22:43:49,730 [INFO] IntegrityCheckThread:103 - End integrity checks thread
2024-06-04 22:43:54,295 [INFO] WebApp:161 - Instantiating new browser for Auth
2024-06-04 22:43:55,494 [INFO] WebApp:779 - Register for checkConnection events
2024-06-04 22:43:55,495 [INFO] WebApp:414 - Apply proxy settings
2024-06-04 22:43:55,495 [INFO] WebApp:499 - Chromium requires no authentication
2024-06-04 22:43:55,506 [INFO] WebApp:442 - Direct internet connection detected
2024-06-04 22:43:55,753 [INFO] WebApp:192 - Starting web application
2024-06-04 22:43:55,754 [INFO] WebApp:544 - Web application path used D:\stm32cubeIDE\STM32CubeIDE_1.15.1\STM32CubeIDE\plugins\com.st.stm32cube.common.mx_6.11.1.202404110753\db\plugins\mcufinder\reactClient1\index.html
